-85.28,16.00,-83.24
-85.28,16.00,-83.25
-85.28,16.00,-83.25
-85.28,16.00,-83.25
-85.28,16.00,-83.24
-85.28,16.00,-83.24
-85.27,16.00,-83.24
-85.27,15.99,-83.24
-85.27,15.99,-83.24
-85.27,15.99,-83.24
-85.26,15.99,-83.23
-85.26,15.99,-83.23
-85.26,15.98,-83.23
-85.25,15.98,-83.23
-85.25,15.98,-83.23
-85.25,15.98,-83.24
-85.25,15.97,-83.24
-85.25,15.97,-83.24
-85.25,15.97,-83.24
-85.25,15.97,-83.24
-85.25,15.96,-83.25
-85.25,15.96,-83.25
-85.25,15.96,-83.25
-85.25,15.96,-83.24
-85.25,15.96,-83.24
-85.25,15.96,-83.24
-85.25,15.96,-83.24
-85.25,15.95,-83.23
-85.25,15.95,-83.23
-85.24,15.95,-83.22
-85.24,15.95,-83.22
-85.24,15.95,-83.22
-85.24,15.95,-83.21
-85.24,15.95,-83.21
-85.24,15.94,-83.21
-85.23,15.94,-83.20
-85.23,15.94,-83.20
-85.23,15.93,-83.20
-85.23,15.93,-83.20
-85.23,15.93,-83.19
-85.23,15.93,-83.19
-85.23,15.92,-83.18
-85.23,15.92,-83.18
-85.22,15.92,-83.18
-85.22,15.91,-83.18
-85.22,15.91,-83.17
-85.22,15.91,-83.17
-85.22,15.91,-83.16
-85.22,15.91,-83.16
-85.22,15.91,-83.15
-85.22,15.90,-83.15
-85.22,15.90,-83.14
-85.22,15.90,-83.14
-85.22,15.90,-83.14
-85.22,15.89,-83.13
-85.22,15.89,-83.13
-85.22,15.89,-83.13
-85.22,15.89,-83.13
-85.22,15.88,-83.13
-85.22,15.88,-83.13
-85.22,15.87,-83.12
-85.22,15.87,-83.12
-85.22,15.87,-83.12
-85.22,15.86,-83.12
-85.22,15.86,-83.11
-85.22,15.86,-83.11
-85.22,15.85,-83.11
-85.22,15.85,-83.10
-85.22,15.85,-83.10
-85.23,15.85,-83.09
-85.23,15.85,-83.09
-85.23,15.85,-83.08
-85.23,15.84,-83.08
-85.23,15.84,-83.08
-85.23,15.84,-83.08
-85.23,15.84,-83.07
-85.23,15.83,-83.07
-85.23,15.83,-83.07
-85.23,15.83,-83.07
-85.23,15.82,-83.07
-85.23,15.82,-83.07
-85.23,15.82,-83.07
-85.23,15.81,-83.07
-85.23,15.81,-83.08
-85.23,15.81,-83.07
-85.23,15.81,-83.08
-85.23,15.81,-83.08
-85.23,15.80,-83.08
-85.24,15.80,-83.08
-85.24,15.80,-83.08
-85.24,15.80,-83.08
-85.24,15.80,-83.08
-85.24,15.80,-83.08
-85.25,15.80,-83.08
-85.25,15.80,-83.08
-85.25,15.79,-83.08
-85.26,15.79,-83.09
-85.26,15.79,-83.09
-85.26,15.79,-83.09
-85.26,15.79,-83.10
-85.26,15.79,-83.10
-85.27,15.79,-83.11
-85.27,15.79,-83.11
-85.27,15.78,-83.11
-85.27,15.78,-83.12
-85.27,15.77,-83.12
-85.27,15.77,-83.12
-85.27,15.77,-83.12
-85.27,15.77,-83.13
-85.27,15.77,-83.13
-85.27,15.77,-83.13
-85.27,15.77,-83.13
-85.27,15.77,-83.13
-85.28,15.76,-83.14
-85.28,15.76,-83.14
-85.28,15.76,-83.15
-85.28,15.76,-83.15
-85.29,15.76,-83.16
-85.29,15.76,-83.16
-85.29,15.75,-83.17
-85.29,15.75,-83.17
-85.30,15.75,-83.18
-85.30,15.75,-83.19
-85.29,15.75,-83.19
-85.30,15.75,-83.20
-85.30,15.75,-83.20
-85.30,15.74,-83.21
-85.30,15.74,-83.21
-85.29,15.74,-83.21
-85.29,15.74,-83.22
-85.29,15.74,-83.22
-85.30,15.73,-83.22
-85.30,15.73,-83.22
-85.30,15.73,-83.22
-85.30,15.73,-83.23
-85.30,15.73,-83.23
-85.30,15.73,-83.23
-85.30,15.73,-83.23
-85.30,15.73,-83.24
-85.31,15.73,-83.24
-85.31,15.73,-83.24
-85.31,15.73,-83.25
-85.31,15.73,-83.25
-85.30,15.73,-83.25
-85.30,15.72,-83.26
-85.30,15.72,-83.26
-85.30,15.72,-83.27
-85.30,15.72,-83.27
-85.29,15.71,-83.27
-85.29,15.71,-83.27
-85.29,15.71,-83.27
-85.29,15.71,-83.27
-85.28,15.71,-83.28
-85.28,15.71,-83.28
-85.28,15.71,-83.28
-85.28,15.70,-83.28
-85.28,15.70,-83.28
-85.28,15.70,-83.28
-85.28,15.70,-83.28
-85.28,15.70,-83.28
-85.28,15.70,-83.28
-85.28,15.70,-83.28
-85.28,15.70,-83.27
-85.28,15.70,-83.27
-85.28,15.70,-83.27
-85.28,15.70,-83.27
-85.28,15.69,-83.27
-85.28,15.69,-83.27
-85.27,15.69,-83.27
-85.27,15.69,-83.26
-85.27,15.68,-83.26
-85.26,15.68,-83.25
-85.26,15.68,-83.25
-85.26,15.68,-83.25
-85.25,15.68,-83.24
-85.25,15.67,-83.24
-85.25,15.67,-83.24
-85.25,15.67,-83.24
-85.25,15.67,-83.23
-85.24,15.67,-83.23
-85.24,15.66,-83.23
-85.24,15.66,-83.23
-85.24,15.66,-83.22
-85.24,15.66,-83.22
-85.24,15.66,-83.22
-85.24,15.65,-83.22
-85.24,15.65,-83.21
-85.24,15.65,-83.21
-85.23,15.65,-83.20
-85.23,15.65,-83.20
-85.23,15.64,-83.20
-85.23,15.64,-83.19
-85.23,15.64,-83.19
-85.22,15.63,-83.18
-85.22,15.63,-83.18
-85.22,15.63,-83.17
-85.22,15.63,-83.17
-85.22,15.63,-83.17
-85.22,15.62,-83.16
-85.22,15.62,-83.16
-85.22,15.62,-83.16
-85.22,15.62,-83.15
-85.23,15.61,-83.15
-85.23,15.61,-83.15
-85.23,15.61,-83.15
-85.23,15.61,-83.15
-85.23,15.61,-83.15
-85.23,15.60,-83.15
-85.23,15.60,-83.14
-85.23,15.60,-83.14
-85.23,15.59,-83.14
-85.22,15.59,-83.14
-85.22,15.59,-83.14
-85.22,15.58,-83.13
-85.22,15.58,-83.13
-85.22,15.57,-83.13
-85.22,15.57,-83.13
-85.22,15.57,-83.13
-85.22,15.56,-83.13
-85.22,15.56,-83.13
-85.22,15.56,-83.12
-85.22,15.55,-83.12
-85.22,15.55,-83.12
-85.23,15.55,-83.12
-85.23,15.55,-83.12
-85.23,15.55,-83.12
-85.24,15.55,-83.12
-85.24,15.55,-83.12
-85.24,15.55,-83.13
-85.25,15.54,-83.13
-85.25,15.54,-83.13
-85.25,15.54,-83.13
-85.25,15.54,-83.13
-85.25,15.54,-83.13
-85.25,15.54,-83.12
-85.25,15.54,-83.12
-85.25,15.54,-83.12
-85.25,15.53,-83.12
-85.26,15.53,-83.12
-85.26,15.53,-83.12
-85.26,15.52,-83.12
-85.26,15.52,-83.12
-85.26,15.52,-83.13
-85.26,15.52,-83.13
-85.26,15.52,-83.13
-85.26,15.52,-83.13
-85.26,15.51,-83.14
-85.27,15.51,-83.15
-85.27,15.51,-83.15
-85.27,15.51,-83.15
-85.27,15.51,-83.16
-85.27,15.51,-83.16
-85.27,15.50,-83.16
-85.27,15.50,-83.17
-85.28,15.50,-83.17
-85.28,15.50,-83.17
-85.28,15.49,-83.18
-85.28,15.49,-83.18
-85.28,15.49,-83.19
-85.28,15.49,-83.19
-85.28,15.49,-83.19
-85.28,15.48,-83.19
-85.28,15.48,-83.20
-85.29,15.48,-83.20
-85.29,15.48,-83.21
-85.29,15.48,-83.21
-85.29,15.48,-83.22
-85.30,15.48,-83.22
-85.30,15.48,-83.23
-85.30,15.48,-83.23
-85.30,15.48,-83.24
-85.30,15.48,-83.24
-85.30,15.48,-83.24
-85.30,15.47,-83.24
-85.31,15.47,-83.24
-85.31,15.47,-83.25
-85.31,15.47,-83.25
-85.31,15.47,-83.25
-85.30,15.47,-83.26
-85.30,15.47,-83.26
-85.30,15.46,-83.26
-85.30,15.46,-83.27
-85.30,15.46,-83.27
-85.29,15.46,-83.28
-85.29,15.45,-83.28
-85.29,15.46,-83.28
-85.29,15.45,-83.29
-85.29,15.45,-83.29
-85.29,15.45,-83.29
-85.29,15.45,-83.29
-85.29,15.45,-83.30
-85.29,15.45,-83.30
-85.29,15.45,-83.30
-85.30,15.45,-83.30
-85.30,15.45,-83.30
-85.30,15.45,-83.30
-85.30,15.45,-83.30
-85.30,15.45,-83.30
-85.30,15.45,-83.30
-85.30,15.45,-83.30
-85.30,15.44,-83.30
-85.30,15.44,-83.30
-85.30,15.44,-83.30
-85.30,15.44,-83.30
-85.29,15.44,-83.30
-85.30,15.44,-83.30
-85.30,15.43,-83.30
-85.29,15.43,-83.30
-85.29,15.43,-83.30
-85.29,15.43,-83.30
-85.29,15.42,-83.30
-85.28,15.42,-83.29
-85.28,15.42,-83.29
-85.28,15.42,-83.29
-85.28,15.42,-83.28
-85.28,15.41,-83.28
-85.27,15.41,-83.28
-85.28,15.41,-83.28
-85.27,15.41,-83.27
-85.27,15.41,-83.27
-85.27,15.40,-83.26
-85.27,15.40,-83.26
-85.27,15.40,-83.25
-85.27,15.40,-83.25
-85.27,15.39,-83.25
-85.27,15.39,-83.25
-85.27,15.39,-83.24
-85.26,15.39,-83.24
-85.26,15.39,-83.24
-85.26,15.38,-83.23
-85.26,15.38,-83.23
-85.26,15.38,-83.23
-85.27,15.37,-83.23
-85.27,15.37,-83.22
-85.26,15.37,-83.21
-85.27,15.37,-83.21
-85.27,15.37,-83.20
-85.27,15.37,-83.20
-85.27,15.37,-83.19
-85.27,15.36,-83.19
-85.27,15.36,-83.18
-85.27,15.36,-83.18
-85.27,15.36,-83.18
-85.27,15.36,-83.18
-85.27,15.35,-83.17
-85.27,15.35,-83.17
-85.26,15.35,-83.16
-85.26,15.35,-83.16
-85.26,15.34,-83.16
-85.26,15.34,-83.16
-85.26,15.33,-83.15
-85.25,15.33,-83.15
-85.25,15.33,-83.15
-85.25,15.32,-83.15
-85.25,15.32,-83.14
-85.25,15.32,-83.14
-85.25,15.32,-83.13
-85.25,15.32,-83.13
-85.25,15.32,-83.13
-85.26,15.31,-83.13
-85.26,15.31,-83.13
-85.26,15.31,-83.12
-85.26,15.31,-83.13
-85.27,15.31,-83.13
-85.27,15.30,-83.13
-85.27,15.30,-83.13
-85.27,15.30,-83.13
-85.27,15.29,-83.13
-85.27,15.29,-83.13
-85.28,15.29,-83.13
-85.28,15.28,-83.13
-85.28,15.28,-83.13
-85.28,15.28,-83.13
-85.28,15.28,-83.13
-85.28,15.28,-83.13
-85.28,15.27,-83.13
-85.28,15.27,-83.13
-85.28,15.27,-83.13
-85.29,15.27,-83.13
-85.29,15.27,-83.13
-85.29,15.26,-83.13
-85.29,15.26,-83.13
-85.29,15.26,-83.13
-85.29,15.26,-83.14
-85.29,15.26,-83.14
-85.30,15.25,-83.14
-85.30,15.25,-83.15
-85.30,15.25,-83.15
-85.30,15.25,-83.15
-85.30,15.25,-83.15
-85.30,15.24,-83.16
-85.30,15.24,-83.16
-85.30,15.24,-83.16
-85.30,15.24,-83.17
-85.31,15.23,-83.17
-85.31,15.23,-83.18
-85.31,15.23,-83.18
-85.31,15.23,-83.18
-85.31,15.23,-83.19
-85.32,15.23,-83.19
-85.32,15.23,-83.19
-85.32,15.23,-83.20
-85.33,15.22,-83.20
-85.33,15.22,-83.21
-85.33,15.22,-83.21
-85.33,15.22,-83.21
-85.34,15.22,-83.22
-85.34,15.22,-83.22
-85.34,15.22,-83.22
-85.34,15.22,-83.23
-85.34,15.21,-83.23
-85.34,15.21,-83.23
-85.34,15.21,-83.24
-85.34,15.21,-83.24
-85.34,15.21,-83.24
-85.34,15.20,-83.25
-85.34,15.20,-83.25
-85.34,15.20,-83.25
-85.34,15.19,-83.25
-85.34,15.19,-83.26
-85.34,15.19,-83.26
-85.34,15.19,-83.26
-85.34,15.19,-83.26
-85.34,15.19,-83.27
-85.34,15.19,-83.27
-85.34,15.19,-83.27
-85.34,15.19,-83.28
-85.34,15.19,-83.28
-85.35,15.19,-83.28
-85.34,15.19,-83.28
-85.34,15.19,-83.29
-85.34,15.19,-83.29
-85.34,15.18,-83.29
-85.34,15.18,-83.29
-85.34,15.18,-83.30
-85.34,15.18,-83.30
-85.34,15.18,-83.30
-85.34,15.18,-83.30
-85.34,15.18,-83.30
-85.33,15.18,-83.30
-85.33,15.18,-83.30
-85.34,15.18,-83.30
-85.34,15.17,-83.30
-85.34,15.17,-83.30
-85.34,15.17,-83.30
-85.34,15.17,-83.30
-85.33,15.17,-83.30
-85.33,15.17,-83.30
-85.33,15.17,-83.30
-85.33,15.17,-83.30
-85.33,15.16,-83.29
-85.33,15.16,-83.29
-85.33,15.16,-83.29
-85.33,15.16,-83.29
-85.32,15.16,-83.29
-85.32,15.15,-83.29
-85.31,15.15,-83.28
-85.31,15.15,-83.28
-85.31,15.15,-83.28
-85.30,15.15,-83.27
-85.30,15.14,-83.27
-85.30,15.14,-83.27
-85.30,15.14,-83.27
-85.30,15.14,-83.26
-85.30,15.14,-83.26
-85.30,15.14,-83.26
-85.31,15.13,-83.26
-85.31,15.13,-83.26
-85.31,15.13,-83.25
-85.31,15.13,-83.25
-85.31,15.13,-83.25
-85.31,15.13,-83.25
-85.31,15.12,-83.24
-85.31,15.12,-83.24
-85.31,15.12,-83.24
-85.31,15.12,-83.24
-85.31,15.11,-83.23
-85.30,15.11,-83.23
-85.30,15.11,-83.22
-85.30,15.11,-83.22
-85.30,15.10,-83.21
-85.30,15.10,-83.21
-85.30,15.10,-83.20
-85.29,15.10,-83.20
-85.29,15.10,-83.20
-85.29,15.09,-83.19
-85.29,15.09,-83.19
-85.29,15.08,-83.19
-85.29,15.08,-83.18
-85.29,15.08,-83.18
-85.29,15.08,-83.18
-85.29,15.07,-83.17
-85.29,15.07,-83.17
-85.29,15.07,-83.17
-85.29,15.07,-83.16
-85.30,15.06,-83.16
-85.30,15.06,-83.16
-85.30,15.06,-83.15
-85.30,15.06,-83.15
-85.30,15.06,-83.15
-85.30,15.05,-83.15
-85.30,15.05,-83.15
-85.30,15.05,-83.15
-85.30,15.04,-83.14
-85.30,15.04,-83.14
-85.30,15.04,-83.14
-85.30,15.03,-83.14
-85.29,15.03,-83.14
-85.29,15.03,-83.14
-85.30,15.02,-83.14
-85.30,15.02,-83.13
-85.30,15.02,-83.13
-85.30,15.02,-83.13
-85.30,15.01,-83.13
-85.31,15.01,-83.13
-85.31,15.01,-83.13
-85.31,15.01,-83.13
-85.31,15.00,-83.13
-85.31,15.00,-83.13
-85.31,15.00,-83.13
-85.31,14.99,-83.13
-85.31,14.99,-83.13
-85.31,14.99,-83.13
-85.32,14.99,-83.13
-85.32,14.99,-83.14
-85.33,14.98,-83.14
-85.33,14.98,-83.14
-85.33,14.98,-83.14
-85.33,14.98,-83.14
-85.33,14.98,-83.15
-85.33,14.98,-83.15
-85.33,14.97,-83.15
-85.33,14.97,-83.15
-85.33,14.97,-83.16
-85.34,14.97,-83.16
-85.34,14.96,-83.16
-85.34,14.96,-83.17
-85.34,14.96,-83.17
-85.34,14.96,-83.17
-85.34,14.96,-83.17
-85.34,14.96,-83.17
-85.35,14.96,-83.18
-85.35,14.95,-83.18
-85.35,14.95,-83.18
-85.35,14.95,-83.19
-85.35,14.95,-83.19
-85.36,14.95,-83.19
-85.36,14.95,-83.20
-85.36,14.94,-83.20
-85.36,14.94,-83.20
-85.36,14.94,-83.21
-85.36,14.94,-83.21
-85.36,14.94,-83.22
-85.36,14.94,-83.22
-85.36,14.94,-83.23
-85.37,14.94,-83.23
-85.37,14.94,-83.23
-85.37,14.93,-83.24
-85.37,14.93,-83.24
-85.37,14.93,-83.24
-85.37,14.93,-83.24
-85.37,14.93,-83.25
-85.37,14.93,-83.25
-85.38,14.93,-83.25
-85.38,14.93,-83.26
-85.38,14.93,-83.26
-85.38,14.92,-83.26
-85.38,14.92,-83.27
-85.38,14.92,-83.27
-85.38,14.92,-83.28
-85.38,14.92,-83.28
-85.38,14.91,-83.29
-85.38,14.91,-83.29
-85.38,14.91,-83.29
-85.38,14.91,-83.29
-85.38,14.91,-83.29
-85.38,14.91,-83.30
-85.38,14.90,-83.30
-85.38,14.90,-83.30
-85.38,14.90,-83.30
-85.38,14.89,-83.30
-85.39,14.89,-83.30
-85.38,14.89,-83.30
-85.39,14.89,-83.30
-85.39,14.89,-83.30
-85.39,14.89,-83.30
-85.39,14.89,-83.30
-85.39,14.88,-83.30
-85.39,14.88,-83.30
-85.39,14.88,-83.30
-85.39,14.88,-83.30
-85.39,14.88,-83.30
-85.39,14.88,-83.30
-85.39,14.88,-83.30
-85.39,14.88,-83.29
-85.38,14.87,-83.29
-85.38,14.87,-83.29
-85.38,14.87,-83.29
-85.38,14.87,-83.29
-85.38,14.87,-83.29
-85.38,14.86,-83.29
-85.37,14.86,-83.29
-85.37,14.86,-83.29
-85.37,14.86,-83.29
-85.37,14.85,-83.28
-85.37,14.85,-83.28
-85.37,14.85,-83.28
-85.37,14.85,-83.27
-85.37,14.85,-83.27
-85.37,14.84,-83.27
-85.37,14.84,-83.26
-85.37,14.84,-83.26
-85.36,14.84,-83.26
-85.36,14.84,-83.25
-85.36,14.83,-83.25
-85.36,14.83,-83.25
-85.36,14.83,-83.24
-85.36,14.82,-83.24
-85.35,14.82,-83.23
-85.35,14.81,-83.23
-85.35,14.81,-83.22
-85.35,14.80,-83.22
-85.35,14.80,-83.21
-85.34,14.80,-83.21
-85.34,14.79,-83.20
-85.34,14.79,-83.20
-85.35,14.79,-83.19
-85.35,14.79,-83.19
-85.35,14.79,-83.19
-85.35,14.79,-83.18
-85.35,14.79,-83.18
-85.35,14.79,-83.18
-85.35,14.78,-83.17
-85.35,14.78,-83.17
-85.35,14.78,-83.17
-85.35,14.78,-83.17
-85.35,14.78,-83.17
-85.35,14.77,-83.17
-85.35,14.77,-83.16
-85.35,14.77,-83.16
-85.35,14.77,-83.16
-85.35,14.76,-83.16
-85.35,14.76,-83.15
-85.35,14.76,-83.15
-85.35,14.76,-83.15
-85.34,14.75,-83.15
-85.35,14.75,-83.14
-85.35,14.75,-83.14
-85.35,14.75,-83.14
-85.35,14.74,-83.14
-85.35,14.74,-83.14
-85.35,14.74,-83.14
-85.35,14.74,-83.14
-85.35,14.73,-83.14
-85.36,14.73,-83.14
-85.36,14.73,-83.14
-85.36,14.73,-83.14
-85.36,14.73,-83.14
-85.36,14.73,-83.14
-85.36,14.72,-83.14
-85.36,14.72,-83.14
-85.37,14.72,-83.14
-85.37,14.72,-83.14
-85.37,14.71,-83.14
-85.37,14.71,-83.14
-85.37,14.71,-83.14
-85.37,14.71,-83.14
-85.38,14.71,-83.14
-85.38,14.70,-83.14
-85.38,14.70,-83.15
-85.38,14.70,-83.15
-85.38,14.70,-83.15
-85.38,14.69,-83.15
-85.38,14.69,-83.16
-85.38,14.69,-83.16
-85.39,14.69,-83.16
-85.39,14.69,-83.16
-85.39,14.68,-83.17
-85.39,14.68,-83.17
-85.39,14.68,-83.17
-85.40,14.68,-83.18
-85.40,14.68,-83.18
-85.40,14.67,-83.18
-85.40,14.67,-83.19
-85.41,14.67,-83.19
-85.40,14.67,-83.19
-85.40,14.67,-83.20
-85.40,14.67,-83.20
-85.41,14.67,-83.20
-85.41,14.67,-83.20
-85.41,14.66,-83.20
-85.41,14.66,-83.21
-85.41,14.66,-83.21
-85.42,14.66,-83.21
-85.42,14.66,-83.22
-85.42,14.66,-83.22
-85.42,14.66,-83.22
-85.42,14.66,-83.23
-85.42,14.66,-83.23
-85.43,14.66,-83.24
-85.43,14.66,-83.24
-85.42,14.66,-83.24
-85.42,14.65,-83.25
-85.43,14.65,-83.25
-85.43,14.65,-83.25
-85.43,14.65,-83.25
-85.43,14.65,-83.25
-85.43,14.65,-83.26
-85.43,14.65,-83.26
-85.44,14.64,-83.27
-85.43,14.64,-83.27
-85.44,14.64,-83.27
-85.44,14.64,-83.27
-85.44,14.64,-83.28
-85.44,14.64,-83.28
-85.44,14.64,-83.28
-85.44,14.64,-83.28
-85.44,14.63,-83.29
-85.44,14.63,-83.29
-85.44,14.63,-83.29
-85.44,14.63,-83.29
-85.44,14.63,-83.29
-85.44,14.63,-83.29
-85.44,14.63,-83.29
-85.44,14.63,-83.30
-85.44,14.62,-83.29
-85.44,14.62,-83.29
-85.44,14.62,-83.29
-85.44,14.62,-83.30
-85.44,14.62,-83.29
-85.44,14.62,-83.29
-85.44,14.61,-83.29
-85.44,14.61,-83.29
-85.44,14.61,-83.29
-85.44,14.61,-83.29
-85.44,14.61,-83.29
-85.44,14.61,-83.29
-85.44,14.61,-83.30
-85.44,14.61,-83.30
-85.44,14.61,-83.30
-85.44,14.61,-83.30
-85.44,14.60,-83.30
-85.44,14.60,-83.30
-85.44,14.60,-83.29
-85.44,14.60,-83.29
-85.44,14.59,-83.29
-85.44,14.59,-83.29
-85.44,14.59,-83.28
-85.44,14.59,-83.28
-85.44,14.59,-83.28
-85.44,14.59,-83.28
-85.43,14.58,-83.28
-85.43,14.58,-83.27
-85.43,14.58,-83.27
-85.43,14.58,-83.27
-85.43,14.57,-83.26
-85.42,14.57,-83.26
-85.42,14.57,-83.26
-85.43,14.57,-83.25
-85.43,14.56,-83.25
-85.42,14.56,-83.25
-85.42,14.56,-83.25
-85.42,14.56,-83.24
-85.42,14.55,-83.24
-85.41,14.55,-83.23
-85.41,14.55,-83.23
-85.41,14.55,-83.23
-85.41,14.54,-83.22
-85.41,14.54,-83.22
-85.41,14.54,-83.22
-85.41,14.54,-83.21
-85.41,14.54,-83.21
-85.41,14.54,-83.21
-85.41,14.53,-83.20
-85.41,14.53,-83.20
-85.41,14.53,-83.20
-85.41,14.53,-83.20
-85.41,14.52,-83.19
-85.41,14.52,-83.19
-85.41,14.52,-83.19
-85.41,14.52,-83.19
-85.41,14.52,-83.19
-85.42,14.51,-83.18
-85.42,14.51,-83.18
-85.42,14.51,-83.18
-85.41,14.51,-83.17
-85.41,14.50,-83.17
-85.41,14.50,-83.17
-85.41,14.50,-83.17
-85.41,14.50,-83.17
-85.41,14.50,-83.16
-85.41,14.49,-83.16
-85.41,14.49,-83.16
-85.41,14.49,-83.15
-85.41,14.48,-83.15
-85.41,14.48,-83.15
-85.41,14.48,-83.15
-85.41,14.47,-83.15
-85.41,14.47,-83.15
-85.42,14.47,-83.15
-85.42,14.47,-83.15
-85.42,14.46,-83.15
-85.42,14.46,-83.15
-85.42,14.46,-83.15
-85.42,14.46,-83.15
-85.42,14.45,-83.15
-85.42,14.45,-83.15
-85.43,14.45,-83.15
-85.43,14.45,-83.15
-85.43,14.45,-83.15
-85.43,14.45,-83.15
-85.43,14.44,-83.15
-85.43,14.44,-83.15
-85.44,14.44,-83.15
-85.44,14.44,-83.16
-85.44,14.44,-83.16
-85.44,14.43,-83.16
-85.44,14.43,-83.16
-85.45,14.43,-83.17
-85.45,14.42,-83.17
-85.45,14.42,-83.17
-85.45,14.42,-83.18
-85.45,14.42,-83.18
-85.45,14.41,-83.18
-85.45,14.41,-83.19
-85.45,14.41,-83.19
-85.45,14.41,-83.19
-85.45,14.41,-83.19
-85.45,14.40,-83.20
-85.45,14.40,-83.20
-85.45,14.40,-83.20
-85.45,14.40,-83.20
-85.46,14.40,-83.21
-85.46,14.39,-83.21
-85.46,14.39,-83.21
-85.46,14.39,-83.22
-85.46,14.39,-83.22
-85.47,14.39,-83.22
-85.47,14.39,-83.23
-85.47,14.39,-83.23
-85.47,14.38,-83.23
-85.48,14.38,-83.24
-85.48,14.38,-83.24
-85.48,14.38,-83.25
-85.48,14.38,-83.25
-85.48,14.38,-83.25
-85.48,14.38,-83.26
-85.49,14.38,-83.26
-85.49,14.38,-83.26
-85.49,14.38,-83.26
-85.49,14.37,-83.26
-85.49,14.37,-83.27
-85.49,14.37,-83.27
-85.49,14.37,-83.27
-85.49,14.37,-83.28
-85.49,14.37,-83.28
-85.49,14.37,-83.28
-85.49,14.36,-83.28
-85.49,14.36,-83.28
-85.49,14.36,-83.29
-85.49,14.36,-83.29
-85.49,14.36,-83.29
-85.49,14.36,-83.29
-85.49,14.36,-83.29
-85.49,14.35,-83.29
-85.49,14.36,-83.30
-85.49,14.35,-83.30
-85.49,14.35,-83.30
-85.49,14.35,-83.30
-85.49,14.35,-83.30
-85.49,14.35,-83.30
-85.48,14.35,-83.31
-85.48,14.34,-83.31
-85.48,14.34,-83.31
-85.48,14.34,-83.31
-85.48,14.34,-83.31
-85.48,14.34,-83.31
-85.48,14.34,-83.31
-85.48,14.34,-83.31
-85.48,14.33,-83.31
-85.48,14.33,-83.31
-85.48,14.33,-83.31
-85.48,14.33,-83.31
-85.48,14.33,-83.31
-85.48,14.33,-83.31
-85.48,14.33,-83.31
-85.48,14.32,-83.31
-85.47,14.32,-83.31
-85.47,14.32,-83.31
-85.47,14.31,-83.31
-85.47,14.31,-83.30
-85.46,14.31,-83.30
-85.46,14.31,-83.30
-85.46,14.31,-83.29
-85.46,14.30,-83.29
-85.46,14.30,-83.29
-85.46,14.30,-83.29
-85.46,14.30,-83.28
-85.45,14.30,-83.28
-85.45,14.30,-83.28
-85.45,14.30,-83.27
-85.45,14.29,-83.27
-85.45,14.29,-83.26
-85.44,14.29,-83.26
-85.44,14.29,-83.25
-85.44,14.28,-83.25
-85.44,14.28,-83.25
-85.44,14.28,-83.25
-85.44,14.28,-83.24
-85.44,14.27,-83.24
-85.44,14.27,-83.24
-85.43,14.27,-83.23
-85.43,14.27,-83.23
-85.43,14.27,-83.22
-85.43,14.27,-83.22
-85.43,14.26,-83.21
-85.43,14.26,-83.21
-85.43,14.26,-83.21
-85.43,14.25,-83.21
-85.43,14.25,-83.20
-85.43,14.25,-83.20
-85.43,14.25,-83.20
-85.43,14.24,-83.20
-85.43,14.24,-83.19
-85.43,14.24,-83.19
-85.43,14.24,-83.18
-85.43,14.24,-83.18
-85.43,14.23,-83.18
-85.43,14.23,-83.18
-85.43,14.23,-83.17
-85.43,14.23,-83.17
-85.43,14.23,-83.17
-85.43,14.22,-83.17
-85.43,14.22,-83.16
-85.43,14.22,-83.16
-85.43,14.22,-83.16
-85.43,14.21,-83.16
-85.43,14.21,-83.16
-85.44,14.21,-83.16
-85.43,14.20,-83.15
-85.44,14.20,-83.15
-85.43,14.20,-83.15
-85.44,14.20,-83.15
-85.44,14.19,-83.15
-85.44,14.19,-83.15
-85.44,14.19,-83.15
-85.44,14.18,-83.15
-85.44,14.18,-83.15
-85.45,14.18,-83.16
-85.45,14.18,-83.16
-85.45,14.18,-83.16
-85.45,14.17,-83.16
-85.45,14.17,-83.16
-85.45,14.17,-83.16
-85.45,14.17,-83.16
-85.46,14.17,-83.16
-85.46,14.16,-83.16
-85.46,14.16,-83.16
-85.46,14.16,-83.17
-85.46,14.16,-83.17
-85.46,14.16,-83.17
-85.46,14.15,-83.18
-85.46,14.15,-83.18
-85.47,14.15,-83.18
-85.47,14.15,-83.19
-85.47,14.15,-83.19
-85.47,14.15,-83.19
-85.48,14.14,-83.19
-85.48,14.14,-83.20
-85.48,14.14,-83.20
-85.49,14.14,-83.20
-85.49,14.14,-83.21
-85.49,14.13,-83.21
-85.49,14.13,-83.21
-85.49,14.13,-83.21
-85.49,14.13,-83.22
-85.49,14.13,-83.22
-85.49,14.13,-83.23
-85.50,14.12,-83.23
-85.50,14.12,-83.23
-85.50,14.12,-83.24
-85.50,14.11,-83.24
-85.50,14.11,-83.24
-85.50,14.11,-83.25
-85.50,14.11,-83.25
-85.50,14.10,-83.26
-85.50,14.10,-83.26
-85.50,14.10,-83.26
-85.50,14.10,-83.27
-85.51,14.10,-83.27
-85.51,14.10,-83.27
-85.51,14.10,-83.28
-85.51,14.10,-83.28
-85.51,14.10,-83.28
-85.51,14.10,-83.29
-85.51,14.09,-83.29
-85.51,14.09,-83.29
-85.51,14.09,-83.29
-85.51,14.09,-83.30
-85.51,14.09,-83.30
-85.51,14.08,-83.30
-85.51,14.08,-83.30
-85.51,14.08,-83.31
-85.51,14.08,-83.31
-85.51,14.08,-83.31
-85.51,14.08,-83.31
-85.51,14.07,-83.31
-85.51,14.07,-83.31
-85.51,14.07,-83.31
-85.51,14.07,-83.31
-85.51,14.07,-83.31
-85.51,14.07,-83.32
-85.51,14.07,-83.32
-85.51,14.06,-83.32
-85.51,14.06,-83.32
-85.51,14.06,-83.32
-85.51,14.06,-83.32
-85.51,14.06,-83.32
-85.51,14.06,-83.32
-85.51,14.06,-83.32
-85.51,14.06,-83.32
-85.51,14.05,-83.32
-85.51,14.05,-83.31
-85.50,14.05,-83.32
-85.50,14.05,-83.31
-85.50,14.04,-83.31
-85.50,14.04,-83.31
-85.49,14.04,-83.31
-85.49,14.04,-83.31
-85.49,14.04,-83.31
-85.49,14.04,-83.31
-85.49,14.04,-83.30
-85.49,14.03,-83.31
-85.49,14.03,-83.30
-85.49,14.03,-83.30
-85.49,14.03,-83.30
-85.49,14.03,-83.30
-85.49,14.03,-83.30
-85.49,14.03,-83.30
-85.49,14.03,-83.30
-85.49,14.02,-83.30
-85.50,14.02,-83.29
-85.50,14.02,-83.29
-85.49,14.02,-83.29
-85.49,14.01,-83.28
-85.49,14.01,-83.28
-85.49,14.01,-83.28
-85.49,14.01,-83.27
-85.49,14.00,-83.27
-85.48,14.00,-83.27
-85.48,14.00,-83.26
-85.48,13.99,-83.26
-85.47,13.99,-83.26
-85.47,13.99,-83.26
-85.48,13.98,-83.25
-85.48,13.98,-83.25
-85.48,13.97,-83.25
-85.47,13.97,-83.24
-85.47,13.97,-83.24
-85.48,13.97,-83.24
-85.48,13.96,-83.23
-85.48,13.96,-83.23
-85.48,13.96,-83.22
-85.48,13.96,-83.22
-85.47,13.95,-83.22
-85.48,13.95,-83.21
-85.47,13.95,-83.21
-85.47,13.94,-83.20
-85.47,13.94,-83.20
-85.47,13.94,-83.20
-85.47,13.94,-83.19
-85.47,13.93,-83.19
-85.47,13.93,-83.19
-85.47,13.93,-83.18
-85.46,13.92,-83.18
-85.46,13.92,-83.18
-85.46,13.92,-83.18
-85.46,13.92,-83.18
-85.47,13.92,-83.18
-85.47,13.91,-83.18
-85.47,13.91,-83.17
-85.47,13.91,-83.17
-85.47,13.91,-83.17
-85.48,13.91,-83.17
-85.48,13.91,-83.17
-85.48,13.90,-83.17
-85.48,13.90,-83.17
-85.48,13.90,-83.17
-85.48,13.90,-83.17
-85.48,13.89,-83.17
-85.48,13.89,-83.16
-85.48,13.89,-83.17
-85.48,13.88,-83.17
-85.48,13.88,-83.17
-85.48,13.88,-83.17
-85.48,13.87,-83.17
-85.48,13.87,-83.17
-85.48,13.87,-83.17
-85.48,13.86,-83.17
-85.48,13.86,-83.17
-85.48,13.86,-83.17
-85.48,13.86,-83.17
-85.49,13.86,-83.17
-85.49,13.85,-83.18
-85.49,13.85,-83.18
-85.49,13.85,-83.17
-85.50,13.85,-83.18
-85.50,13.85,-83.18
-85.50,13.85,-83.18
-85.50,13.85,-83.18
-85.50,13.85,-83.19
-85.50,13.84,-83.19
-85.50,13.84,-83.19
-85.50,13.84,-83.19
-85.50,13.84,-83.19
-85.50,13.83,-83.20
-85.50,13.83,-83.20
-85.51,13.83,-83.20
-85.50,13.83,-83.21
-85.51,13.82,-83.21
-85.51,13.82,-83.21
-85.51,13.82,-83.22
-85.51,13.82,-83.22
-85.52,13.82,-83.22
-85.52,13.82,-83.22
-85.52,13.81,-83.23
-85.53,13.81,-83.23
-85.53,13.81,-83.23
-85.53,13.81,-83.23
-85.53,13.81,-83.23
-85.53,13.81,-83.24
-85.53,13.80,-83.24
-85.53,13.80,-83.24
-85.53,13.80,-83.25
-85.53,13.80,-83.25
-85.53,13.80,-83.25
-85.53,13.79,-83.26
-85.53,13.79,-83.26
-85.53,13.79,-83.26
-85.53,13.79,-83.27
-85.53,13.79,-83.27
-85.53,13.78,-83.27
-85.54,13.78,-83.27
-85.54,13.78,-83.28
-85.54,13.78,-83.28
-85.54,13.78,-83.28
-85.54,13.78,-83.29
-85.54,13.77,-83.29
-85.54,13.77,-83.29
-85.54,13.78,-83.30
-85.54,13.77,-83.30
-85.54,13.77,-83.30
-85.54,13.77,-83.30
-85.54,13.77,-83.31
-85.54,13.77,-83.31
-85.54,13.76,-83.31
-85.54,13.76,-83.31
-85.54,13.76,-83.31
-85.54,13.76,-83.32
-85.54,13.76,-83.32
-85.54,13.76,-83.32
-85.54,13.76,-83.31
-85.54,13.75,-83.31
-85.54,13.75,-83.32
-85.54,13.75,-83.32
-85.54,13.75,-83.32
-85.54,13.74,-83.32
-85.54,13.74,-83.32
-85.54,13.74,-83.32
-85.54,13.74,-83.32
-85.54,13.74,-83.32
-85.54,13.73,-83.32
-85.54,13.73,-83.32
-85.54,13.73,-83.32
-85.54,13.73,-83.32
-85.54,13.73,-83.31
-85.54,13.73,-83.31
-85.54,13.72,-83.31
-85.54,13.72,-83.31
-85.53,13.72,-83.31
-85.53,13.72,-83.31
-85.53,13.72,-83.31
-85.53,13.72,-83.30
-85.53,13.71,-83.30
-85.53,13.71,-83.30
-85.53,13.71,-83.29
-85.53,13.71,-83.29
-85.53,13.71,-83.29
-85.53,13.71,-83.29
-85.53,13.71,-83.29
-85.53,13.70,-83.29
-85.53,13.70,-83.28
-85.52,13.70,-83.28
-85.52,13.70,-83.28
-85.53,13.70,-83.28
-85.53,13.70,-83.28
-85.53,13.70,-83.27
-85.52,13.70,-83.27
-85.52,13.69,-83.27
-85.52,13.69,-83.26
-85.52,13.68,-83.26
-85.52,13.68,-83.25
-85.51,13.68,-83.25
-85.51,13.68,-83.25
-85.51,13.67,-83.24
-85.51,13.67,-83.24
-85.51,13.67,-83.24
-85.51,13.67,-83.23
-85.51,13.66,-83.23
-85.51,13.66,-83.23
-85.50,13.66,-83.22
-85.50,13.66,-83.22
-85.50,13.65,-83.22
-85.51,13.65,-83.21
-85.51,13.65,-83.21
-85.51,13.65,-83.21
-85.51,13.64,-83.21
-85.51,13.64,-83.21
-85.51,13.64,-83.21
-85.51,13.64,-83.21
-85.51,13.63,-83.20
-85.51,13.64,-83.20
-85.51,13.63,-83.20
-85.51,13.63,-83.19
-85.52,13.63,-83.19
-85.52,13.63,-83.19
-85.51,13.62,-83.19
-85.52,13.62,-83.19
-85.51,13.62,-83.19
-85.51,13.61,-83.18
-85.52,13.61,-83.18
-85.52,13.61,-83.19
-85.52,13.61,-83.18
-85.52,13.60,-83.18
-85.52,13.60,-83.18
-85.52,13.60,-83.17
-85.52,13.59,-83.17
-85.52,13.59,-83.17
-85.52,13.59,-83.17
-85.52,13.58,-83.17
-85.52,13.58,-83.17
-85.52,13.58,-83.17
-85.52,13.58,-83.17
-85.52,13.58,-83.17
-85.52,13.57,-83.17
-85.52,13.57,-83.16
-85.52,13.57,-83.16
-85.52,13.57,-83.17
-85.52,13.57,-83.17
-85.52,13.56,-83.17
-85.53,13.56,-83.17
-85.53,13.56,-83.17
-85.53,13.56,-83.17
-85.53,13.55,-83.17
-85.53,13.55,-83.18
-85.53,13.55,-83.18
-85.53,13.55,-83.18
-85.53,13.55,-83.18
-85.53,13.54,-83.19
-85.54,13.54,-83.19
-85.54,13.54,-83.19
-85.54,13.54,-83.20
-85.55,13.54,-83.20
-85.55,13.53,-83.20
-85.55,13.53,-83.20
-85.55,13.53,-83.21
-85.56,13.53,-83.21
-85.56,13.53,-83.21
-85.56,13.53,-83.22
-85.56,13.52,-83.22
-85.56,13.52,-83.22
-85.57,13.52,-83.23
-85.56,13.52,-83.23
-85.57,13.52,-83.23
-85.57,13.52,-83.23
-85.57,13.51,-83.24
-85.57,13.51,-83.24
-85.57,13.51,-83.24
-85.58,13.51,-83.25
-85.58,13.51,-83.25
-85.58,13.51,-83.26
-85.58,13.50,-83.26
-85.59,13.50,-83.26
-85.58,13.50,-83.27
-85.59,13.50,-83.27
-85.59,13.50,-83.27
-85.59,13.50,-83.28
-85.59,13.50,-83.28
-85.59,13.49,-83.28
-85.59,13.49,-83.29
-85.60,13.49,-83.29
-85.60,13.49,-83.29
-85.60,13.49,-83.30
-85.60,13.49,-83.30
-85.60,13.49,-83.30
-85.60,13.49,-83.30
-85.60,13.48,-83.31
-85.60,13.49,-83.31
-85.60,13.48,-83.31
-85.60,13.48,-83.31
-85.60,13.48,-83.32
-85.60,13.48,-83.32
-85.60,13.48,-83.32
-85.60,13.48,-83.32
-85.60,13.48,-83.33
-85.60,13.48,-83.33
-85.60,13.48,-83.33
-85.60,13.47,-83.33
-85.60,13.47,-83.33
-85.60,13.47,-83.33
-85.60,13.47,-83.33
-85.60,13.46,-83.33
-85.59,13.46,-83.33
-85.59,13.46,-83.33
-85.59,13.46,-83.33
-85.59,13.46,-83.33
-85.59,13.46,-83.33
-85.59,13.46,-83.33
-85.59,13.46,-83.33
-85.59,13.46,-83.34
-85.59,13.46,-83.34
-85.59,13.46,-83.34
-85.59,13.45,-83.34
-85.59,13.45,-83.34
-85.58,13.45,-83.34
-85.58,13.45,-83.34
-85.58,13.45,-83.34
-85.58,13.44,-83.34
-85.58,13.44,-83.33
-85.58,13.44,-83.33
-85.58,13.44,-83.33
-85.58,13.43,-83.33
-85.58,13.43,-83.32
-85.58,13.43,-83.32
-85.58,13.43,-83.32
-85.58,13.43,-83.31
-85.57,13.43,-83.31
-85.57,13.43,-83.31
-85.57,13.42,-83.31
-85.57,13.42,-83.30
-85.57,13.42,-83.30
-85.57,13.42,-83.30
-85.56,13.42,-83.30
-85.56,13.41,-83.29
-85.56,13.41,-83.29
-85.56,13.41,-83.29
-85.56,13.41,-83.28
-85.56,13.40,-83.28
-85.56,13.40,-83.28
-85.56,13.40,-83.27
-85.55,13.40,-83.27
-85.55,13.40,-83.26
-85.55,13.40,-83.26
-85.55,13.39,-83.26
-85.56,13.39,-83.25
-85.55,13.39,-83.25
-85.55,13.39,-83.24
-85.55,13.39,-83.24
-85.55,13.38,-83.24
-85.55,13.38,-83.24
-85.55,13.38,-83.23
-85.55,13.38,-83.23
-85.55,13.37,-83.23
-85.55,13.37,-83.22
-85.55,13.37,-83.22
-85.55,13.37,-83.22
-85.55,13.36,-83.22
-85.55,13.36,-83.21
-85.55,13.36,-83.21
-85.55,13.36,-83.21
-85.55,13.35,-83.21
-85.55,13.35,-83.20
-85.55,13.35,-83.20
-85.55,13.35,-83.20
-85.55,13.35,-83.20
-85.55,13.35,-83.19
-85.55,13.34,-83.19
-85.55,13.34,-83.19
-85.55,13.34,-83.19
-85.55,13.34,-83.18
-85.55,13.33,-83.18
-85.55,13.33,-83.18
-85.55,13.33,-83.18
-85.55,13.33,-83.18
-85.55,13.32,-83.18
-85.55,13.32,-83.18
-85.56,13.32,-83.18
-85.55,13.32,-83.18
-85.56,13.32,-83.18
-85.56,13.31,-83.18
-85.56,13.31,-83.18
-85.56,13.31,-83.18
-85.56,13.31,-83.18
-85.56,13.30,-83.18
-85.56,13.30,-83.18
-85.56,13.30,-83.18
-85.56,13.30,-83.18
-85.56,13.30,-83.18
-85.56,13.29,-83.19
-85.56,13.29,-83.19
-85.56,13.29,-83.19
-85.57,13.29,-83.19
-85.57,13.28,-83.19
-85.57,13.28,-83.19
-85.57,13.28,-83.19
-85.57,13.28,-83.19
-85.57,13.27,-83.19
-85.57,13.27,-83.19
-85.57,13.27,-83.20
-85.57,13.27,-83.20
-85.57,13.27,-83.20
-85.57,13.26,-83.20
-85.58,13.26,-83.21
-85.58,13.26,-83.21
-85.58,13.26,-83.21
-85.58,13.26,-83.21
-85.58,13.26,-83.22
-85.58,13.26,-83.22
-85.58,13.25,-83.22
-85.58,13.25,-83.22
-85.58,13.25,-83.22
-85.58,13.25,-83.23
-85.59,13.24,-83.23
-85.59,13.24,-83.23
-85.59,13.24,-83.24
-85.59,13.24,-83.24
-85.60,13.24,-83.24
-85.60,13.24,-83.25
-85.60,13.24,-83.25
-85.61,13.24,-83.25
-85.61,13.24,-83.26
-85.61,13.23,-83.26
-85.61,13.23,-83.26
-85.60,13.23,-83.27
-85.61,13.23,-83.27
-85.61,13.23,-83.27
-85.61,13.22,-83.28
-85.61,13.22,-83.28
-85.61,13.22,-83.28
-85.61,13.22,-83.28
-85.61,13.22,-83.29
-85.61,13.22,-83.29
-85.61,13.22,-83.29
-85.61,13.22,-83.30
-85.61,13.22,-83.30
-85.61,13.21,-83.30
-85.61,13.21,-83.30
-85.61,13.21,-83.31
-85.61,13.21,-83.31
-85.61,13.21,-83.31
-85.61,13.21,-83.31
-85.61,13.21,-83.31
-85.62,13.21,-83.31
-85.62,13.20,-83.31
-85.62,13.20,-83.31
-85.62,13.20,-83.31
-85.62,13.20,-83.31
-85.62,13.20,-83.32
-85.62,13.20,-83.32
-85.62,13.20,-83.31
-85.62,13.20,-83.31
-85.62,13.20,-83.32
-85.62,13.19,-83.32
-85.62,13.19,-83.32
-85.62,13.19,-83.32
-85.62,13.19,-83.32
-85.62,13.19,-83.32
-85.62,13.19,-83.32
-85.62,13.19,-83.32
-85.62,13.19,-83.32
-85.62,13.19,-83.32
-85.62,13.19,-83.32
-85.62,13.18,-83.31
-85.61,13.18,-83.31
-85.61,13.18,-83.31
-85.61,13.18,-83.31
-85.61,13.17,-83.31
-85.60,13.17,-83.31
-85.60,13.17,-83.31
-85.60,13.17,-83.30
-85.60,13.17,-83.30
-85.60,13.16,-83.30
-85.60,13.16,-83.30
-85.60,13.16,-83.30
-85.60,13.16,-83.30
-85.60,13.16,-83.29
-85.59,13.15,-83.29
-85.59,13.15,-83.29
-85.59,13.14,-83.28
-85.59,13.14,-83.28
-85.59,13.14,-83.28
-85.59,13.14,-83.28
-85.59,13.13,-83.27
-85.59,13.13,-83.27
-85.59,13.13,-83.27
-85.59,13.13,-83.26
-85.59,13.13,-83.26
-85.59,13.12,-83.26
-85.59,13.12,-83.26
-85.59,13.12,-83.25
-85.59,13.12,-83.25
-85.59,13.12,-83.25
-85.59,13.11,-83.24
-85.59,13.11,-83.24
-85.59,13.11,-83.24
-85.59,13.11,-83.24
-85.59,13.10,-83.23
-85.59,13.10,-83.23
-85.58,13.10,-83.23
-85.58,13.09,-83.23
-85.58,13.09,-83.23
-85.58,13.09,-83.22
-85.58,13.08,-83.22
-85.58,13.08,-83.22
-85.57,13.08,-83.22
-85.57,13.07,-83.22
-85.57,13.07,-83.22
-85.58,13.07,-83.21
-85.57,13.07,-83.21
-85.58,13.06,-83.21
-85.58,13.06,-83.21
-85.58,13.06,-83.21
-85.58,13.06,-83.21
-85.58,13.06,-83.21
-85.58,13.06,-83.21
-85.59,13.05,-83.21
-85.59,13.05,-83.21
-85.59,13.05,-83.20
-85.59,13.05,-83.20
-85.59,13.05,-83.20
-85.59,13.04,-83.20
-85.59,13.04,-83.20
-85.59,13.04,-83.20
-85.59,13.04,-83.20
-85.59,13.04,-83.20
-85.59,13.03,-83.20
-85.59,13.03,-83.20
-85.59,13.03,-83.21
-85.59,13.03,-83.21
-85.59,13.02,-83.21
-85.60,13.02,-83.21
-85.60,13.02,-83.21
-85.60,13.02,-83.21
-85.60,13.02,-83.21
-85.60,13.02,-83.21
-85.60,13.01,-83.21
-85.60,13.01,-83.21
-85.60,13.01,-83.21
-85.60,13.01,-83.22
-85.60,13.01,-83.21
-85.60,13.01,-83.22
-85.60,13.01,-83.22
-85.61,13.00,-83.22
-85.61,13.00,-83.22
-85.61,13.00,-83.22
-85.61,13.00,-83.22
-85.61,13.00,-83.22
-85.61,13.00,-83.22
-85.61,13.00,-83.23
-85.61,12.99,-83.23
-85.61,12.99,-83.23
-85.61,12.99,-83.23
-85.61,12.99,-83.23
-85.61,12.99,-83.24
-85.62,12.99,-83.24
-85.62,12.98,-83.24
-85.62,12.99,-83.25
-85.62,12.98,-83.25
-85.62,12.98,-83.25
-85.62,12.98,-83.25
-85.63,12.98,-83.25
-85.63,12.98,-83.26
-85.63,12.98,-83.26
-85.64,12.98,-83.27
-85.64,12.98,-83.27
-85.64,12.98,-83.27
-85.64,12.98,-83.28
-85.64,12.98,-83.28
-85.64,12.97,-83.29
-85.64,12.97,-83.29
-85.64,12.97,-83.29
-85.64,12.97,-83.29
-85.64,12.97,-83.29
-85.64,12.97,-83.30
-85.64,12.97,-83.30
-85.64,12.96,-83.30
-85.64,12.96,-83.31
-85.64,12.96,-83.31
-85.64,12.96,-83.31
-85.64,12.96,-83.31
-85.64,12.96,-83.32
-85.64,12.96,-83.32
-85.64,12.96,-83.32
-85.64,12.96,-83.32
-85.64,12.96,-83.33
-85.64,12.95,-83.33
-85.64,12.95,-83.34
-85.64,12.95,-83.34
-85.64,12.94,-83.34
-85.64,12.94,-83.34
-85.64,12.95,-83.34
-85.65,12.94,-83.34
-85.64,12.94,-83.34
-85.65,12.94,-83.34
-85.65,12.94,-83.34
-85.65,12.94,-83.34
-85.65,12.94,-83.34
-85.64,12.93,-83.35
-85.64,12.93,-83.35
-85.65,12.93,-83.35
-85.64,12.93,-83.34
-85.64,12.93,-83.35
-85.64,12.92,-83.35
-85.64,12.92,-83.35
-85.64,12.92,-83.35
-85.64,12.92,-83.35
-85.63,12.92,-83.35
-85.63,12.91,-83.34
-85.63,12.91,-83.34
-85.63,12.91,-83.34
-85.63,12.90,-83.34
-85.63,12.90,-83.34
-85.62,12.90,-83.34
-85.62,12.90,-83.34
-85.62,12.89,-83.34
-85.62,12.89,-83.34
-85.62,12.89,-83.33
-85.62,12.89,-83.33
-85.62,12.89,-83.33
-85.61,12.88,-83.33
-85.61,12.88,-83.32
-85.61,12.88,-83.32
-85.62,12.88,-83.32
-85.62,12.88,-83.32
-85.62,12.88,-83.32
-85.62,12.87,-83.32
-85.62,12.87,-83.31
-85.62,12.87,-83.31
-85.62,12.87,-83.31
-85.62,12.87,-83.30
-85.61,12.86,-83.30
-85.62,12.86,-83.30
-85.61,12.86,-83.29
-85.61,12.86,-83.29
-85.61,12.85,-83.29
-85.61,12.85,-83.29
-85.60,12.85,-83.29
-85.60,12.85,-83.28
-85.60,12.84,-83.28
-85.60,12.84,-83.28
-85.60,12.84,-83.27
-85.60,12.83,-83.27
-85.60,12.83,-83.27
-85.60,12.83,-83.26
-85.60,12.83,-83.26
-85.60,12.83,-83.26
-85.60,12.83,-83.25
-85.60,12.82,-83.25
-85.59,12.82,-83.25
-85.60,12.82,-83.25
-85.60,12.82,-83.24
-85.60,12.82,-83.24
-85.59,12.81,-83.23
-85.59,12.81,-83.23
-85.59,12.81,-83.23
-85.59,12.80,-83.23
-85.59,12.80,-83.23
-85.59,12.80,-83.22
-85.59,12.80,-83.22
-85.59,12.79,-83.22
-85.59,12.79,-83.22
-85.59,12.79,-83.21
-85.59,12.79,-83.22
-85.59,12.78,-83.22
-85.60,12.78,-83.21
-85.60,12.78,-83.21
-85.60,12.78,-83.21
-85.60,12.78,-83.21
-85.60,12.77,-83.21
-85.60,12.77,-83.21
-85.60,12.77,-83.21
-85.61,12.77,-83.21
-85.61,12.77,-83.21
-85.61,12.77,-83.21
-85.61,12.76,-83.21
-85.61,12.76,-83.21
-85.61,12.76,-83.21
-85.61,12.76,-83.21
-85.61,12.75,-83.21
-85.61,12.75,-83.21
-85.61,12.75,-83.21
-85.61,12.75,-83.21
-85.61,12.75,-83.21
-85.61,12.75,-83.21
-85.61,12.74,-83.21
-85.61,12.74,-83.21
-85.61,12.74,-83.21
-85.61,12.74,-83.21
-85.61,12.74,-83.22
-85.62,12.74,-83.22
-85.62,12.74,-83.22
-85.62,12.74,-83.22
-85.63,12.74,-83.23
-85.63,12.73,-83.23
-85.63,12.73,-83.23
-85.63,12.73,-83.23
-85.63,12.73,-83.23
-85.63,12.73,-83.24
-85.63,12.72,-83.24
-85.64,12.72,-83.24
-85.64,12.72,-83.25
-85.64,12.72,-83.25
-85.64,12.72,-83.25
-85.64,12.72,-83.25
-85.65,12.71,-83.26
-85.65,12.71,-83.26
-85.65,12.71,-83.26
-85.65,12.71,-83.27
-85.65,12.71,-83.27
-85.65,12.71,-83.27
-85.66,12.71,-83.27
-85.65,12.70,-83.28
-85.65,12.70,-83.28
-85.66,12.70,-83.28
-85.65,12.70,-83.28
-85.65,12.69,-83.29
-85.65,12.69,-83.29
-85.66,12.69,-83.29
-85.66,12.69,-83.29
-85.66,12.69,-83.30
-85.66,12.69,-83.30
-85.66,12.69,-83.30
-85.66,12.69,-83.31
-85.66,12.69,-83.31
-85.66,12.69,-83.31
-85.66,12.68,-83.31
-85.66,12.68,-83.32
-85.67,12.68,-83.32
-85.67,12.68,-83.32
-85.67,12.68,-83.32
-85.67,12.68,-83.32
-85.67,12.68,-83.32
-85.67,12.68,-83.33
-85.67,12.68,-83.33
-85.67,12.68,-83.33
-85.67,12.67,-83.33
-85.67,12.67,-83.34
-85.67,12.67,-83.34
-85.67,12.67,-83.34
-85.67,12.67,-83.34
-85.67,12.67,-83.34
-85.67,12.67,-83.34
-85.67,12.67,-83.34
-85.67,12.66,-83.34
-85.67,12.66,-83.34
-85.67,12.66,-83.33
-85.67,12.66,-83.34
-85.67,12.66,-83.34
-85.66,12.65,-83.33
-85.66,12.65,-83.33
-85.66,12.65,-83.33
-85.66,12.65,-83.33
-85.66,12.65,-83.33
-85.66,12.65,-83.33
-85.66,12.65,-83.32
-85.66,12.64,-83.32
-85.66,12.64,-83.32
-85.66,12.64,-83.33
-85.65,12.64,-83.32
-85.65,12.63,-83.32
-85.65,12.63,-83.32
-85.65,12.63,-83.32
-85.65,12.63,-83.32
-85.65,12.63,-83.32
-85.65,12.62,-83.31
-85.65,12.62,-83.31
-85.64,12.62,-83.31
-85.64,12.62,-83.31
-85.64,12.62,-83.31
-85.64,12.62,-83.31
-85.64,12.61,-83.31
-85.64,12.61,-83.30
-85.64,12.61,-83.30
-85.64,12.61,-83.30
-85.63,12.61,-83.30
-85.64,12.60,-83.30
-85.64,12.60,-83.29
-85.64,12.60,-83.29
-85.64,12.60,-83.29
-85.64,12.60,-83.29
-85.64,12.59,-83.29
-85.64,12.59,-83.29
-85.63,12.59,-83.28
-85.63,12.59,-83.28
-85.63,12.59,-83.28
-85.63,12.58,-83.27
-85.62,12.58,-83.27
-85.62,12.58,-83.27
-85.62,12.58,-83.26
-85.62,12.58,-83.26
-85.62,12.57,-83.26
-85.62,12.57,-83.25
-85.62,12.57,-83.25
-85.62,12.57,-83.25
-85.62,12.57,-83.25
-85.62,12.57,-83.24
-85.62,12.56,-83.24
-85.61,12.56,-83.24
-85.61,12.56,-83.24
-85.61,12.55,-83.23
-85.61,12.55,-83.23
-85.62,12.55,-83.23
-85.62,12.55,-83.23
-85.62,12.55,-83.23
-85.62,12.55,-83.23
-85.62,12.55,-83.22
-85.62,12.54,-83.22
-85.62,12.54,-83.22
-85.62,12.54,-83.21
-85.62,12.54,-83.21
-85.62,12.54,-83.21
-85.62,12.53,-83.21
-85.62,12.53,-83.21
-85.62,12.53,-83.21
-85.62,12.53,-83.21
-85.62,12.52,-83.20
-85.62,12.52,-83.20
-85.62,12.52,-83.20
-85.62,12.52,-83.20
-85.62,12.51,-83.20
-85.62,12.51,-83.20
-85.62,12.51,-83.20
-85.62,12.50,-83.19
-85.62,12.50,-83.19
-85.63,12.50,-83.19
-85.63,12.50,-83.19
-85.63,12.50,-83.19
-85.63,12.49,-83.20
-85.63,12.49,-83.20
-85.63,12.49,-83.20
-85.63,12.49,-83.20
-85.64,12.49,-83.20
-85.64,12.48,-83.21
-85.64,12.48,-83.21
-85.64,12.48,-83.21
-85.64,12.48,-83.21
-85.64,12.48,-83.21
-85.64,12.47,-83.21
-85.64,12.47,-83.21
-85.64,12.47,-83.22
-85.64,12.47,-83.22
-85.65,12.47,-83.22
-85.65,12.47,-83.22
-85.65,12.47,-83.22
-85.66,12.46,-83.23
-85.66,12.46,-83.23
-85.66,12.46,-83.24
-85.66,12.46,-83.24
-85.66,12.46,-83.24
-85.67,12.45,-83.25
-85.67,12.45,-83.25
-85.67,12.45,-83.25
-85.67,12.45,-83.25
-85.67,12.45,-83.26
-85.67,12.44,-83.26
-85.67,12.44,-83.26
-85.67,12.44,-83.26
-85.67,12.44,-83.26
-85.67,12.44,-83.26
-85.68,12.44,-83.27
-85.68,12.43,-83.27
-85.68,12.43,-83.27
-85.68,12.43,-83.27
-85.68,12.43,-83.28
-85.68,12.43,-83.28
-85.69,12.43,-83.28
-85.69,12.43,-83.28
-85.69,12.43,-83.29
-85.69,12.43,-83.29
-85.69,12.42,-83.29
-85.69,12.42,-83.29
-85.69,12.42,-83.30
-85.69,12.42,-83.30
-85.69,12.42,-83.30
-85.69,12.42,-83.31
-85.69,12.41,-83.31
-85.70,12.41,-83.31
-85.70,12.41,-83.31
-85.70,12.41,-83.32
-85.70,12.41,-83.32
-85.70,12.41,-83.32
-85.70,12.41,-83.32
-85.70,12.41,-83.32
-85.70,12.40,-83.32
-85.70,12.40,-83.33
-85.70,12.40,-83.33
-85.70,12.40,-83.33
-85.70,12.40,-83.33
-85.70,12.40,-83.33
-85.70,12.40,-83.33
-85.70,12.39,-83.33
-85.70,12.39,-83.33
-85.70,12.39,-83.33
-85.70,12.39,-83.33
-85.70,12.39,-83.33
-85.70,12.38,-83.33
-85.70,12.38,-83.33
-85.70,12.38,-83.33
-85.70,12.38,-83.33
-85.70,12.38,-83.33
-85.69,12.38,-83.33
-85.69,12.38,-83.33
-85.69,12.37,-83.33
-85.69,12.37,-83.33
-85.69,12.37,-83.33
-85.69,12.36,-83.33
-85.68,12.36,-83.33
-85.68,12.36,-83.33
-85.68,12.36,-83.33
-85.68,12.36,-83.33
-85.68,12.35,-83.32
-85.68,12.35,-83.32
-85.68,12.35,-83.32
-85.68,12.35,-83.32
-85.68,12.35,-83.32
-85.68,12.35,-83.32
-85.68,12.34,-83.32
-85.68,12.34,-83.32
-85.68,12.34,-83.31
-85.68,12.34,-83.31
-85.68,12.33,-83.31
-85.68,12.33,-83.31
-85.68,12.33,-83.30
-85.68,12.33,-83.30
-85.67,12.33,-83.30
-85.67,12.33,-83.30
-85.67,12.32,-83.29
-85.67,12.32,-83.29
-85.67,12.32,-83.29
-85.67,12.31,-83.28
-85.66,12.31,-83.28
-85.66,12.31,-83.28
-85.66,12.31,-83.28
-85.66,12.31,-83.27
-85.66,12.30,-83.27
-85.66,12.30,-83.27
-85.66,12.30,-83.27
-85.66,12.30,-83.27
-85.66,12.30,-83.26
-85.66,12.29,-83.26
-85.66,12.29,-83.26
-85.66,12.29,-83.26
-85.66,12.29,-83.26
-85.66,12.29,-83.26
-85.66,12.28,-83.25
-85.66,12.28,-83.25
-85.66,12.28,-83.25
-85.66,12.28,-83.25
-85.66,12.28,-83.25
-85.66,12.27,-83.24
-85.66,12.27,-83.24
-85.66,12.27,-83.24
-85.66,12.27,-83.24
-85.67,12.26,-83.24
-85.67,12.26,-83.23
-85.67,12.26,-83.23
-85.66,12.26,-83.23
-85.67,12.25,-83.23
-85.67,12.25,-83.23
-85.67,12.25,-83.23
-85.66,12.24,-83.23
-85.67,12.24,-83.23
-85.66,12.24,-83.23
-85.67,12.24,-83.23
-85.67,12.23,-83.23
-85.67,12.23,-83.23
-85.67,12.23,-83.23
-85.67,12.23,-83.23
-85.67,12.23,-83.23
-85.67,12.22,-83.23
-85.67,12.22,-83.23
-85.67,12.22,-83.23
-85.67,12.22,-83.23
-85.67,12.21,-83.23
-85.68,12.21,-83.24
-85.68,12.21,-83.24
-85.68,12.21,-83.24
-85.68,12.20,-83.24
-85.68,12.20,-83.24
-85.69,12.20,-83.24
-85.69,12.20,-83.24
-85.69,12.20,-83.24
-85.69,12.20,-83.24
-85.69,12.19,-83.24
-85.70,12.19,-83.25
-85.70,12.19,-83.25
-85.70,12.19,-83.25
-85.71,12.19,-83.25
-85.71,12.19,-83.26
-85.71,12.18,-83.26
-85.71,12.18,-83.26
-85.71,12.18,-83.26
-85.71,12.18,-83.27
-85.72,12.18,-83.27
-85.72,12.18,-83.27
-85.72,12.18,-83.27
-85.72,12.18,-83.28
-85.72,12.17,-83.28
-85.73,12.17,-83.28
-85.73,12.17,-83.29
-85.73,12.16,-83.29
-85.73,12.16,-83.29
-85.73,12.16,-83.29
-85.73,12.16,-83.30
-85.73,12.16,-83.30
-85.74,12.15,-83.30
-85.74,12.15,-83.31
-85.74,12.15,-83.31
-85.74,12.15,-83.31
-85.74,12.15,-83.31
-85.74,12.15,-83.32
-85.74,12.15,-83.32
-85.75,12.15,-83.32
-85.75,12.15,-83.32
-85.75,12.14,-83.32
-85.76,12.15,-83.33
-85.76,12.14,-83.33
-85.76,12.15,-83.33
-85.76,12.14,-83.34
-85.76,12.14,-83.34
-85.76,12.14,-83.35
-85.76,12.14,-83.35
-85.77,12.14,-83.35
-85.77,12.14,-83.35
-85.77,12.14,-83.35
-85.77,12.13,-83.36
-85.77,12.13,-83.36
-85.77,12.13,-83.36
-85.77,12.13,-83.36
-85.77,12.13,-83.36
-85.77,12.13,-83.36
-85.77,12.13,-83.36
-85.77,12.12,-83.36
-85.77,12.12,-83.36
-85.77,12.12,-83.36
-85.77,12.12,-83.36
-85.77,12.12,-83.36
-85.77,12.12,-83.36
-85.77,12.11,-83.36
-85.77,12.11,-83.36
-85.77,12.11,-83.36
-85.77,12.11,-83.36
-85.77,12.10,-83.36
-85.77,12.10,-83.36
-85.77,12.10,-83.36
-85.77,12.10,-83.36
-85.77,12.10,-83.36
-85.77,12.09,-83.36
-85.77,12.09,-83.36
-85.77,12.09,-83.36
-85.76,12.09,-83.36
-85.76,12.09,-83.36
-85.76,12.09,-83.36
-85.76,12.09,-83.36
-85.76,12.09,-83.36
-85.76,12.09,-83.35
-85.76,12.09,-83.35
-85.76,12.09,-83.35
-85.76,12.09,-83.35
-85.76,12.08,-83.35
-85.76,12.08,-83.34
-85.76,12.08,-83.34
-85.76,12.08,-83.34
-85.75,12.08,-83.34
-85.75,12.08,-83.33
-85.75,12.07,-83.33
-85.75,12.07,-83.33
-85.75,12.07,-83.33
-85.75,12.07,-83.32
-85.74,12.07,-83.32
-85.74,12.06,-83.32
-85.74,12.06,-83.31
-85.74,12.06,-83.31
-85.74,12.06,-83.31
-85.74,12.05,-83.31
-85.73,12.05,-83.30
-85.74,12.05,-83.30
-85.73,12.05,-83.30
-85.73,12.04,-83.30
-85.73,12.04,-83.30
-85.73,12.04,-83.30
-85.73,12.04,-83.29
-85.73,12.03,-83.30
-85.73,12.03,-83.29
-85.73,12.03,-83.29
-85.73,12.03,-83.29
-85.73,12.03,-83.28
-85.73,12.02,-83.28
-85.73,12.02,-83.28
-85.73,12.02,-83.28
-85.73,12.02,-83.28
-85.73,12.02,-83.28
-85.73,12.02,-83.28
-85.73,12.01,-83.27
-85.73,12.01,-83.27
-85.73,12.01,-83.27
-85.73,12.01,-83.27
-85.72,12.00,-83.27
-85.72,12.00,-83.26
-85.72,12.00,-83.26
-85.72,12.00,-83.26
-85.72,11.99,-83.26
-85.72,11.99,-83.26
-85.72,11.99,-83.26
-85.72,11.99,-83.26
-85.72,11.99,-83.26
-85.72,11.98,-83.26
-85.72,11.98,-83.26
-85.72,11.98,-83.26
-85.72,11.98,-83.26
-85.72,11.97,-83.26
-85.72,11.97,-83.26
-85.72,11.97,-83.25
-85.72,11.97,-83.25
-85.72,11.96,-83.25
-85.72,11.96,-83.25
-85.72,11.96,-83.25
-85.73,11.96,-83.25
-85.73,11.96,-83.26
-85.73,11.95,-83.26
-85.73,11.95,-83.26
-85.74,11.95,-83.26
-85.74,11.95,-83.26
-85.74,11.95,-83.26
-85.74,11.94,-83.26
-85.74,11.94,-83.26
-85.74,11.94,-83.26
-85.74,11.94,-83.26
-85.74,11.94,-83.26
-85.74,11.94,-83.26
-85.75,11.93,-83.27
-85.75,11.93,-83.27
-85.75,11.93,-83.27
-85.75,11.93,-83.27
-85.75,11.93,-83.27
-85.75,11.93,-83.27
-85.76,11.93,-83.27
-85.76,11.92,-83.27
-85.76,11.92,-83.28
-85.76,11.92,-83.28
-85.76,11.92,-83.28
-85.76,11.92,-83.28
-85.76,11.92,-83.28
-85.76,11.91,-83.29
-85.76,11.91,-83.29
-85.76,11.91,-83.29
-85.76,11.91,-83.29
-85.76,11.91,-83.30
-85.76,11.91,-83.30
-85.76,11.90,-83.31
-85.76,11.90,-83.31
-85.76,11.90,-83.32
-85.76,11.90,-83.32
-85.76,11.90,-83.32
-85.77,11.90,-83.32
-85.77,11.90,-83.32
-85.77,11.90,-83.33
-85.77,11.90,-83.33
-85.77,11.89,-83.33
-85.77,11.89,-83.34
-85.77,11.89,-83.34
-85.77,11.89,-83.34
-85.78,11.89,-83.34
-85.78,11.89,-83.34
-85.78,11.89,-83.35
-85.78,11.88,-83.35
-85.78,11.88,-83.35
-85.78,11.88,-83.35
-85.78,11.88,-83.35
-85.78,11.88,-83.35
-85.78,11.87,-83.36
-85.78,11.87,-83.36
-85.78,11.87,-83.36
-85.78,11.87,-83.36
-85.78,11.87,-83.36
-85.78,11.86,-83.37
-85.78,11.86,-83.37
-85.78,11.86,-83.37
-85.78,11.86,-83.37
-85.78,11.86,-83.37
-85.78,11.86,-83.37
-85.78,11.86,-83.37
-85.77,11.85,-83.37
-85.77,11.85,-83.38
-85.78,11.85,-83.38
-85.77,11.85,-83.38
-85.77,11.85,-83.38
-85.77,11.84,-83.38
-85.77,11.84,-83.38
-85.77,11.84,-83.38
-85.77,11.84,-83.38
-85.77,11.84,-83.38
-85.77,11.84,-83.38
-85.77,11.84,-83.38
-85.77,11.84,-83.38
-85.77,11.83,-83.37
-85.77,11.83,-83.37
-85.77,11.83,-83.37
-85.77,11.83,-83.37
-85.77,11.83,-83.37
-85.77,11.83,-83.37
-85.77,11.83,-83.37
-85.77,11.82,-83.37
-85.77,11.82,-83.37
-85.77,11.82,-83.37
-85.77,11.82,-83.37
-85.77,11.82,-83.37
-85.77,11.81,-83.36
-85.77,11.81,-83.36
-85.76,11.81,-83.36
-85.76,11.81,-83.36
-85.76,11.80,-83.36
-85.76,11.80,-83.36
-85.75,11.80,-83.35
-85.75,11.80,-83.35
-85.75,11.79,-83.35
-85.75,11.79,-83.35
-85.75,11.79,-83.34
-85.75,11.79,-83.34
-85.75,11.78,-83.34
-85.75,11.78,-83.34
-85.75,11.78,-83.33
-85.75,11.78,-83.33
-85.75,11.78,-83.33
-85.75,11.78,-83.32
-85.75,11.78,-83.32
-85.75,11.77,-83.32
-85.75,11.77,-83.32
-85.75,11.77,-83.31
-85.75,11.77,-83.31
-85.75,11.76,-83.31
-85.75,11.76,-83.30
-85.75,11.76,-83.30
-85.75,11.76,-83.30
-85.74,11.75,-83.30
-85.74,11.75,-83.29
-85.74,11.75,-83.29
-85.74,11.75,-83.29
-85.74,11.74,-83.28
-85.74,11.74,-83.28
-85.74,11.74,-83.28
-85.74,11.74,-83.28
-85.74,11.73,-83.28
-85.74,11.73,-83.27
-85.74,11.73,-83.27
-85.74,11.73,-83.27
-85.74,11.73,-83.27
-85.74,11.73,-83.27
-85.74,11.72,-83.26
-85.74,11.72,-83.26
-85.74,11.72,-83.26
-85.74,11.72,-83.26
-85.74,11.72,-83.26
-85.74,11.71,-83.26
-85.74,11.71,-83.25
-85.74,11.71,-83.25
-85.74,11.71,-83.25
-85.74,11.70,-83.25
-85.74,11.70,-83.25
-85.74,11.70,-83.25
-85.74,11.70,-83.25
-85.74,11.70,-83.25
-85.74,11.69,-83.25
-85.74,11.69,-83.25
-85.75,11.69,-83.25
-85.75,11.69,-83.25
-85.75,11.69,-83.25
-85.75,11.68,-83.25
-85.75,11.68,-83.26
-85.75,11.68,-83.26
-85.75,11.68,-83.26
-85.76,11.68,-83.26
-85.76,11.68,-83.26
-85.76,11.67,-83.26
-85.76,11.67,-83.26
-85.76,11.67,-83.26
-85.76,11.66,-83.27
-85.76,11.66,-83.27
-85.76,11.66,-83.27
-85.76,11.66,-83.27
-85.76,11.66,-83.27
-85.76,11.66,-83.28
-85.76,11.65,-83.28
-85.76,11.65,-83.28
-85.77,11.65,-83.28
-85.77,11.65,-83.29
-85.77,11.65,-83.29
-85.77,11.64,-83.29
-85.78,11.64,-83.29
-85.78,11.64,-83.29
-85.78,11.64,-83.29
-85.78,11.64,-83.30
-85.78,11.64,-83.30
-85.78,11.64,-83.30
-85.78,11.63,-83.31
-85.79,11.63,-83.31
-85.79,11.63,-83.31
-85.79,11.63,-83.31
-85.79,11.63,-83.32
-85.79,11.62,-83.32
-85.79,11.62,-83.33
-85.80,11.62,-83.33
-85.80,11.62,-83.33
-85.80,11.62,-83.33
-85.80,11.61,-83.34
-85.80,11.61,-83.34
-85.80,11.61,-83.34
-85.80,11.61,-83.34
-85.80,11.61,-83.35
-85.80,11.61,-83.35
-85.81,11.61,-83.35
-85.81,11.61,-83.35
-85.81,11.60,-83.35
-85.81,11.60,-83.35
-85.81,11.60,-83.35
-85.81,11.60,-83.36
-85.81,11.60,-83.36
-85.81,11.60,-83.36
-85.81,11.59,-83.36
-85.81,11.59,-83.36
-85.81,11.59,-83.37
-85.81,11.59,-83.37
-85.81,11.59,-83.37
-85.81,11.58,-83.37
-85.81,11.58,-83.37
-85.81,11.58,-83.37
-85.81,11.58,-83.38
-85.81,11.58,-83.38
-85.81,11.58,-83.38
-85.82,11.57,-83.38
-85.82,11.57,-83.38
-85.82,11.57,-83.38
-85.81,11.57,-83.38
-85.81,11.57,-83.39
-85.81,11.57,-83.39
-85.82,11.57,-83.39
-85.82,11.57,-83.39
-85.82,11.57,-83.39
-85.82,11.57,-83.39
-85.82,11.56,-83.38
-85.82,11.56,-83.39
-85.82,11.56,-83.38
-85.82,11.56,-83.38
-85.81,11.56,-83.38
-85.81,11.56,-83.38
-85.81,11.55,-83.38
-85.81,11.55,-83.38
-85.81,11.55,-83.38
-85.81,11.55,-83.38
-85.81,11.55,-83.38
-85.80,11.54,-83.37
-85.80,11.54,-83.37
-85.80,11.54,-83.37
-85.80,11.53,-83.37
-85.80,11.53,-83.37
-85.80,11.53,-83.37
-85.79,11.53,-83.37
-85.79,11.53,-83.36
-85.79,11.53,-83.36
-85.79,11.53,-83.36
-85.79,11.52,-83.36
-85.79,11.52,-83.36
-85.79,11.52,-83.35
-85.79,11.51,-83.35
-85.79,11.51,-83.35
-85.78,11.51,-83.35
-85.79,11.51,-83.35
-85.78,11.50,-83.35
-85.78,11.50,-83.34
-85.78,11.50,-83.34
-85.78,11.50,-83.34
-85.78,11.50,-83.34
-85.77,11.49,-83.33
-85.77,11.49,-83.33
-85.77,11.49,-83.33
-85.77,11.49,-83.32
-85.77,11.48,-83.32
-85.76,11.48,-83.32
-85.76,11.48,-83.31
-85.76,11.48,-83.31
-85.77,11.48,-83.31
-85.77,11.47,-83.31
-85.77,11.47,-83.31
-85.76,11.47,-83.31
-85.76,11.47,-83.30
-85.76,11.47,-83.30
-85.76,11.46,-83.30
-85.76,11.46,-83.29
-85.76,11.46,-83.29
-85.76,11.46,-83.29
-85.76,11.46,-83.28
-85.75,11.46,-83.28
-85.76,11.45,-83.28
-85.75,11.45,-83.28
-85.75,11.45,-83.28
-85.75,11.45,-83.28
-85.75,11.45,-83.27
-85.76,11.44,-83.27
-85.76,11.44,-83.27
-85.76,11.44,-83.27
-85.76,11.44,-83.27
-85.76,11.44,-83.27
-85.76,11.43,-83.27
-85.76,11.43,-83.27
-85.76,11.43,-83.27
-85.77,11.43,-83.27
-85.77,11.43,-83.27
-85.77,11.43,-83.26
-85.77,11.42,-83.26
-85.77,11.42,-83.26
-85.77,11.42,-83.26
-85.77,11.42,-83.26
-85.77,11.41,-83.26
-85.77,11.41,-83.26
-85.77,11.41,-83.26
-85.76,11.41,-83.26
-85.76,11.41,-83.27
-85.76,11.41,-83.27
-85.76,11.40,-83.27
-85.76,11.40,-83.27
-85.76,11.40,-83.27
-85.77,11.40,-83.28
-85.77,11.39,-83.28
-85.77,11.39,-83.28
-85.77,11.39,-83.28
-85.77,11.39,-83.29
-85.77,11.39,-83.29
-85.78,11.39,-83.29
-85.78,11.39,-83.29
-85.78,11.39,-83.29
-85.78,11.38,-83.30
-85.78,11.38,-83.30
-85.78,11.38,-83.30
-85.78,11.38,-83.31
-85.79,11.38,-83.31
-85.79,11.38,-83.31
-85.79,11.37,-83.31
-85.79,11.37,-83.32
-85.79,11.37,-83.32
-85.80,11.37,-83.32
-85.80,11.37,-83.32
-85.80,11.37,-83.32
-85.80,11.37,-83.33
-85.80,11.37,-83.33
-85.80,11.37,-83.33
-85.80,11.36,-83.33
-85.80,11.36,-83.34
-85.81,11.36,-83.34
-85.81,11.36,-83.34
-85.81,11.36,-83.34
-85.81,11.36,-83.35
-85.81,11.36,-83.35
-85.82,11.36,-83.35
-85.82,11.36,-83.36
-85.82,11.36,-83.36
-85.82,11.35,-83.36
-85.82,11.35,-83.36
-85.82,11.35,-83.36
-85.82,11.35,-83.36
-85.82,11.35,-83.37
-85.82,11.34,-83.37
-85.82,11.34,-83.37
-85.82,11.34,-83.38
-85.82,11.34,-83.38
-85.83,11.34,-83.38
-85.83,11.33,-83.38
-85.83,11.33,-83.38
-85.83,11.33,-83.38
-85.83,11.33,-83.38
-85.83,11.33,-83.39
-85.83,11.33,-83.39
-85.83,11.33,-83.39
-85.83,11.33,-83.39
-85.83,11.33,-83.39
-85.84,11.32,-83.39
-85.84,11.32,-83.40
-85.84,11.32,-83.40
-85.84,11.32,-83.40
-85.84,11.32,-83.40
-85.84,11.32,-83.40
-85.84,11.32,-83.40
-85.84,11.32,-83.39
-85.84,11.31,-83.39
-85.84,11.31,-83.39
-85.84,11.31,-83.39
-85.84,11.31,-83.39
-85.84,11.31,-83.39
-85.84,11.30,-83.39
-85.83,11.30,-83.39
-85.83,11.30,-83.39
-85.83,11.30,-83.39
-85.83,11.30,-83.38
-85.83,11.29,-83.39
-85.83,11.29,-83.38
-85.83,11.29,-83.38
-85.83,11.29,-83.38
-85.83,11.29,-83.38
-85.83,11.28,-83.38
-85.83,11.28,-83.38
-85.83,11.28,-83.38
-85.83,11.28,-83.38
-85.83,11.28,-83.38
-85.83,11.27,-83.37
-85.83,11.27,-83.37
-85.83,11.27,-83.37
-85.83,11.27,-83.37
-85.83,11.27,-83.36
-85.83,11.27,-83.36
-85.83,11.27,-83.36
-85.83,11.27,-83.36
-85.82,11.26,-83.35
-85.82,11.26,-83.35
-85.82,11.26,-83.35
-85.82,11.26,-83.35
-85.82,11.26,-83.35
-85.82,11.25,-83.34
-85.82,11.25,-83.34
-85.82,11.25,-83.34
-85.82,11.25,-83.34
-85.82,11.25,-83.34
-85.82,11.25,-83.34
-85.81,11.25,-83.33
-85.82,11.24,-83.33
-85.81,11.24,-83.33
-85.81,11.24,-83.32
-85.81,11.24,-83.32
-85.81,11.24,-83.32
-85.81,11.23,-83.31
-85.81,11.23,-83.31
-85.81,11.23,-83.31
-85.81,11.22,-83.30
-85.81,11.22,-83.30
-85.81,11.22,-83.30
-85.81,11.22,-83.30
-85.81,11.21,-83.30
-85.81,11.21,-83.30
-85.81,11.21,-83.30
-85.81,11.21,-83.29
-85.81,11.20,-83.29
-85.81,11.20,-83.29
-85.81,11.20,-83.29
-85.81,11.20,-83.28
-85.80,11.20,-83.28
-85.81,11.20,-83.28
-85.81,11.19,-83.28
-85.81,11.19,-83.28
-85.81,11.19,-83.28
-85.81,11.19,-83.28
-85.81,11.19,-83.28
-85.81,11.18,-83.28
-85.81,11.18,-83.28
-85.81,11.18,-83.28
-85.81,11.18,-83.28
-85.81,11.17,-83.28
-85.81,11.17,-83.27
-85.81,11.17,-83.27
-85.81,11.17,-83.28
-85.81,11.16,-83.28
-85.81,11.16,-83.28
-85.82,11.16,-83.28
-85.82,11.16,-83.28
-85.82,11.16,-83.28
-85.82,11.16,-83.28
-85.82,11.16,-83.28
-85.83,11.16,-83.28
-85.83,11.15,-83.28
-85.83,11.15,-83.28
-85.82,11.15,-83.28
-85.82,11.15,-83.28
-85.83,11.15,-83.28
-85.83,11.14,-83.28
-85.83,11.14,-83.28
-85.83,11.14,-83.28
-85.83,11.14,-83.28
-85.83,11.14,-83.29
-85.83,11.14,-83.29
-85.84,11.13,-83.29
-85.84,11.13,-83.29
-85.84,11.13,-83.29
-85.84,11.13,-83.29
-85.84,11.12,-83.29
-85.84,11.12,-83.29
-85.84,11.12,-83.30
-85.84,11.12,-83.30
-85.84,11.12,-83.30
-85.84,11.12,-83.30
-85.84,11.12,-83.31
-85.84,11.11,-83.31
-85.84,11.11,-83.31
-85.85,11.11,-83.31
-85.85,11.11,-83.32
-85.85,11.11,-83.32
-85.85,11.11,-83.32
-85.85,11.10,-83.33
-85.85,11.10,-83.33
-85.86,11.10,-83.33
-85.85,11.10,-83.33
-85.86,11.10,-83.33
-85.86,11.10,-83.33
-85.86,11.09,-83.33
-85.86,11.09,-83.34
-85.86,11.09,-83.34
-85.86,11.09,-83.34
-85.86,11.09,-83.35
-85.86,11.08,-83.35
-85.87,11.08,-83.35
-85.87,11.08,-83.35
-85.87,11.08,-83.35
-85.87,11.08,-83.35
-85.87,11.08,-83.36
-85.87,11.08,-83.36
-85.87,11.08,-83.36
-85.87,11.08,-83.36
-85.88,11.08,-83.37
-85.88,11.08,-83.37
-85.87,11.08,-83.37
-85.87,11.07,-83.37
-85.87,11.07,-83.38
-85.87,11.07,-83.38
-85.87,11.07,-83.38
-85.87,11.07,-83.38
-85.87,11.06,-83.38
-85.87,11.06,-83.38
-85.87,11.06,-83.38
-85.87,11.06,-83.39
-85.87,11.06,-83.39
-85.87,11.05,-83.39
-85.87,11.05,-83.39
-85.87,11.05,-83.39
-85.87,11.05,-83.39
-85.87,11.05,-83.39
-85.88,11.05,-83.39
-85.88,11.05,-83.39
-85.88,11.04,-83.39
-85.88,11.04,-83.39
-85.87,11.04,-83.39
-85.87,11.04,-83.39
-85.87,11.04,-83.39
-85.87,11.04,-83.39
-85.87,11.04,-83.39
-85.87,11.04,-83.39
-85.87,11.03,-83.39
-85.87,11.03,-83.39
-85.87,11.03,-83.38
-85.87,11.03,-83.39
-85.87,11.03,-83.39
-85.87,11.03,-83.39
-85.87,11.02,-83.39
-85.87,11.02,-83.38
-85.86,11.02,-83.38
-85.86,11.02,-83.37
-85.86,11.01,-83.37
-85.86,11.01,-83.37
-85.86,11.01,-83.37
-85.86,11.01,-83.36
-85.86,11.01,-83.36
-85.86,11.00,-83.36
-85.86,11.00,-83.35
-85.86,11.00,-83.35
-85.86,11.00,-83.35
-85.87,11.00,-83.35
-85.86,11.00,-83.35
-85.86,11.00,-83.35
-85.86,11.00,-83.34
-85.86,10.99,-83.34
-85.86,10.99,-83.34
-85.86,10.99,-83.34
-85.86,10.99,-83.33
-85.86,10.98,-83.33
-85.86,10.98,-83.33
-85.86,10.98,-83.33
-85.86,10.98,-83.33
-85.86,10.97,-83.32
-85.86,10.97,-83.32
-85.86,10.97,-83.32
-85.86,10.97,-83.32
-85.86,10.96,-83.32
-85.86,10.96,-83.31
-85.86,10.96,-83.31
-85.85,10.96,-83.31
-85.85,10.96,-83.30
-85.85,10.95,-83.30
-85.85,10.95,-83.30
-85.85,10.95,-83.30
-85.86,10.95,-83.30
-85.85,10.94,-83.30
-85.85,10.94,-83.30
-85.85,10.94,-83.30
-85.85,10.93,-83.29
-85.85,10.93,-83.30
-85.85,10.93,-83.29
-85.85,10.93,-83.29
-85.85,10.93,-83.29
-85.85,10.92,-83.29
-85.85,10.92,-83.29
-85.85,10.92,-83.29
-85.85,10.91,-83.29
-85.85,10.91,-83.29
-85.85,10.91,-83.29
-85.85,10.91,-83.29
-85.86,10.91,-83.29
-85.86,10.90,-83.28
-85.86,10.90,-83.29
-85.86,10.90,-83.29
-85.86,10.90,-83.29
-85.86,10.90,-83.29
-85.86,10.90,-83.29
-85.86,10.90,-83.29
-85.86,10.89,-83.29
-85.87,10.89,-83.29
-85.87,10.89,-83.29
-85.87,10.89,-83.29
-85.87,10.89,-83.29
-85.87,10.89,-83.29
-85.87,10.88,-83.29
-85.87,10.88,-83.29
-85.86,10.88,-83.29
-85.86,10.88,-83.30
-85.87,10.88,-83.30
-85.87,10.87,-83.30
-85.87,10.87,-83.30
-85.87,10.87,-83.30
-85.87,10.87,-83.30
-85.87,10.87,-83.30
-85.87,10.87,-83.30
-85.87,10.87,-83.31
-85.87,10.87,-83.31
-85.87,10.86,-83.31
-85.88,10.86,-83.31
-85.88,10.86,-83.31
-85.88,10.86,-83.31
-85.88,10.86,-83.32
-85.88,10.85,-83.32
-85.88,10.85,-83.32
-85.88,10.85,-83.32
-85.88,10.85,-83.32
-85.88,10.85,-83.32
-85.88,10.84,-83.33
-85.88,10.84,-83.33
-85.88,10.84,-83.33
-85.89,10.84,-83.33
-85.89,10.84,-83.33
-85.89,10.84,-83.34
-85.89,10.84,-83.34
-85.90,10.83,-83.34
-85.90,10.83,-83.35
-85.90,10.83,-83.35
-85.90,10.83,-83.35
-85.91,10.83,-83.36
-85.91,10.83,-83.36
-85.91,10.82,-83.37
-85.91,10.82,-83.37
-85.91,10.82,-83.37
-85.91,10.82,-83.37
-85.91,10.82,-83.38
-85.92,10.81,-83.38
-85.92,10.81,-83.38
-85.92,10.81,-83.38
-85.92,10.81,-83.38
-85.92,10.80,-83.39
-85.92,10.80,-83.39
-85.92,10.80,-83.39
-85.92,10.80,-83.39
-85.92,10.80,-83.39
-85.92,10.79,-83.39
-85.92,10.79,-83.39
-85.92,10.79,-83.39
-85.92,10.79,-83.39
-85.92,10.79,-83.40
-85.93,10.79,-83.40
-85.93,10.79,-83.40
-85.93,10.79,-83.40
-85.93,10.79,-83.40
-85.93,10.79,-83.40
-85.93,10.78,-83.40
-85.93,10.78,-83.40
-85.93,10.78,-83.40
-85.93,10.78,-83.40
-85.93,10.78,-83.41
-85.93,10.78,-83.40
-85.93,10.77,-83.41
-85.93,10.77,-83.41
-85.93,10.77,-83.40
-85.93,10.77,-83.40
-85.93,10.76,-83.41
-85.93,10.76,-83.40
-85.93,10.76,-83.40
-85.93,10.76,-83.40
-85.93,10.76,-83.40
-85.93,10.75,-83.40
-85.92,10.75,-83.39
-85.93,10.75,-83.39
-85.93,10.75,-83.39
-85.92,10.75,-83.39
-85.92,10.75,-83.39
-85.92,10.75,-83.39
-85.92,10.74,-83.38
-85.92,10.74,-83.38
-85.92,10.74,-83.38
-85.92,10.74,-83.38
-85.92,10.74,-83.38
-85.92,10.74,-83.38
-85.92,10.73,-83.38
-85.92,10.73,-83.38
-85.92,10.73,-83.37
-85.92,10.73,-83.37
-85.92,10.73,-83.37
-85.92,10.73,-83.36
-85.92,10.72,-83.36
-85.91,10.72,-83.36
-85.91,10.72,-83.35
-85.91,10.72,-83.35
-85.91,10.71,-83.35
-85.91,10.71,-83.35
-85.91,10.71,-83.35
-85.92,10.71,-83.34
-85.91,10.71,-83.34
-85.91,10.70,-83.34
-85.91,10.70,-83.34
-85.91,10.70,-83.33
-85.91,10.70,-83.33
-85.91,10.70,-83.33
-85.91,10.70,-83.33
-85.91,10.69,-83.32
-85.91,10.69,-83.32
-85.91,10.69,-83.32
-85.91,10.69,-83.31
-85.90,10.69,-83.31
-85.91,10.68,-83.31
-85.91,10.68,-83.31
-85.91,10.68,-83.30
-85.90,10.68,-83.30
-85.90,10.67,-83.30
-85.90,10.67,-83.30
-85.90,10.67,-83.30
-85.90,10.67,-83.29
-85.90,10.67,-83.29
-85.90,10.67,-83.29
-85.90,10.67,-83.29
-85.90,10.66,-83.29
-85.90,10.66,-83.29
-85.90,10.66,-83.29
-85.90,10.66,-83.29
-85.90,10.66,-83.29
-85.90,10.65,-83.29
-85.90,10.65,-83.29
-85.90,10.65,-83.29
-85.90,10.65,-83.29
-85.90,10.65,-83.29
-85.90,10.65,-83.29
-85.90,10.64,-83.29
-85.90,10.64,-83.29
-85.91,10.64,-83.29
-85.91,10.64,-83.29
-85.91,10.64,-83.29
-85.91,10.63,-83.29
-85.91,10.63,-83.29
-85.90,10.63,-83.29
-85.90,10.63,-83.29
-85.91,10.63,-83.29
-85.91,10.63,-83.30
-85.91,10.62,-83.29
-85.91,10.62,-83.30
-85.91,10.62,-83.29
-85.91,10.62,-83.30
-85.92,10.62,-83.30
-85.92,10.62,-83.30
-85.92,10.62,-83.30
-85.92,10.61,-83.30
-85.92,10.61,-83.30
-85.92,10.61,-83.30
-85.92,10.61,-83.31
-85.92,10.60,-83.30
-85.93,10.60,-83.31
-85.93,10.60,-83.31
-85.93,10.60,-83.31
-85.93,10.59,-83.32
-85.93,10.59,-83.32
-85.93,10.59,-83.32
-85.93,10.59,-83.32
-85.93,10.59,-83.33
-85.93,10.59,-83.33
-85.93,10.59,-83.34
-85.93,10.58,-83.34
-85.93,10.58,-83.34
-85.93,10.58,-83.34
-85.94,10.58,-83.34
-85.94,10.58,-83.34
-85.94,10.58,-83.35
-85.94,10.58,-83.35
-85.94,10.58,-83.35
-85.94,10.57,-83.35
-85.94,10.57,-83.35
-85.94,10.57,-83.35
-85.94,10.57,-83.36
-85.94,10.57,-83.36
-85.94,10.57,-83.36
-85.94,10.56,-83.36
-85.94,10.56,-83.36
-85.94,10.56,-83.37
-85.94,10.56,-83.37
-85.94,10.56,-83.37
-85.94,10.56,-83.37
-85.95,10.55,-83.37
-85.95,10.55,-83.38
-85.95,10.55,-83.38
-85.95,10.55,-83.38
-85.95,10.54,-83.38
-85.95,10.54,-83.38
-85.95,10.54,-83.38
-85.95,10.54,-83.38
-85.95,10.54,-83.39
-85.96,10.54,-83.39
-85.96,10.54,-83.39
-85.96,10.54,-83.39
-85.96,10.53,-83.39
-85.96,10.53,-83.39
-85.96,10.53,-83.39
-85.96,10.53,-83.39
-85.96,10.53,-83.39
-85.96,10.52,-83.39
-85.96,10.52,-83.39
-85.96,10.52,-83.39
-85.96,10.52,-83.39
-85.96,10.52,-83.40
-85.96,10.52,-83.40
-85.96,10.52,-83.40
-85.96,10.52,-83.40
-85.97,10.51,-83.40
-85.96,10.51,-83.40
-85.96,10.51,-83.40
-85.96,10.51,-83.40
-85.96,10.51,-83.39
-85.97,10.51,-83.39
-85.96,10.51,-83.39
-85.97,10.50,-83.39
-85.97,10.50,-83.39
-85.97,10.50,-83.39
-85.96,10.50,-83.39
-85.96,10.50,-83.38
-85.96,10.50,-83.38
-85.96,10.50,-83.38
-85.96,10.49,-83.38
-85.96,10.49,-83.38
-85.96,10.49,-83.38
-85.96,10.49,-83.38
-85.95,10.48,-83.38
-85.95,10.48,-83.38
-85.95,10.48,-83.38
-85.95,10.48,-83.37
-85.95,10.47,-83.37
-85.95,10.47,-83.37
-85.94,10.47,-83.37
-85.94,10.47,-83.37
-85.94,10.47,-83.37
-85.94,10.46,-83.36
-85.94,10.46,-83.36
-85.94,10.46,-83.36
-85.95,10.46,-83.36
-85.94,10.46,-83.35
-85.95,10.45,-83.35
-85.95,10.45,-83.35
-85.95,10.45,-83.35
-85.94,10.45,-83.34
-85.94,10.44,-83.34
-85.94,10.44,-83.34
-85.94,10.44,-83.34
-85.94,10.44,-83.34
-85.94,10.43,-83.34
-85.94,10.43,-83.33
-85.94,10.43,-83.33
-85.94,10.42,-83.33
-85.94,10.42,-83.33
-85.94,10.42,-83.32
-85.94,10.42,-83.32
-85.94,10.42,-83.32
-85.94,10.42,-83.32
-85.94,10.42,-83.32
-85.94,10.41,-83.31
-85.94,10.41,-83.31
-85.94,10.41,-83.31
-85.94,10.41,-83.31
-85.93,10.41,-83.31
-85.93,10.41,-83.30
-85.94,10.41,-83.30
-85.93,10.40,-83.30
-85.94,10.40,-83.30
-85.94,10.40,-83.29
-85.93,10.40,-83.29
-85.93,10.39,-83.29
-85.93,10.39,-83.29
-85.93,10.39,-83.29
-85.93,10.38,-83.29
-85.93,10.38,-83.28
-85.93,10.38,-83.29
-85.93,10.38,-83.29
-85.93,10.38,-83.29
-85.93,10.37,-83.28
-85.93,10.37,-83.28
-85.93,10.37,-83.28
-85.93,10.37,-83.28
-85.93,10.36,-83.28
-85.93,10.36,-83.28
-85.93,10.36,-83.28
-85.94,10.36,-83.28
-85.94,10.36,-83.28
-85.94,10.36,-83.29
-85.94,10.36,-83.29
-85.94,10.35,-83.29
-85.94,10.35,-83.29
-85.94,10.35,-83.29
-85.94,10.35,-83.29
-85.94,10.35,-83.29
-85.94,10.35,-83.29
-85.94,10.34,-83.29
-85.94,10.34,-83.29
-85.94,10.34,-83.30
-85.94,10.34,-83.30
-85.94,10.34,-83.30
-85.94,10.33,-83.30
-85.95,10.33,-83.30
-85.95,10.33,-83.31
-85.95,10.33,-83.31
-85.95,10.33,-83.31
-85.95,10.33,-83.31
-85.95,10.33,-83.31
-85.96,10.32,-83.32
-85.96,10.32,-83.32
-85.96,10.32,-83.32
-85.96,10.32,-83.32
-85.96,10.32,-83.32
-85.97,10.32,-83.33
-85.97,10.31,-83.33
-85.97,10.31,-83.33
-85.97,10.31,-83.33
-85.97,10.31,-83.33
-85.96,10.30,-83.33
-85.96,10.30,-83.33
-85.97,10.30,-83.34
-85.97,10.30,-83.34
-85.97,10.30,-83.34
-85.97,10.29,-83.34
-85.97,10.29,-83.35
-85.97,10.29,-83.35
-85.97,10.29,-83.35
-85.97,10.29,-83.35
-85.97,10.29,-83.36
-85.97,10.28,-83.36
-85.98,10.29,-83.36
-85.98,10.28,-83.36
-85.98,10.28,-83.36
-85.98,10.28,-83.36
-85.98,10.28,-83.36
-85.98,10.28,-83.37
-85.98,10.28,-83.37
-85.99,10.28,-83.37
-85.99,10.27,-83.37
-85.99,10.27,-83.37
-85.99,10.27,-83.37
-85.99,10.27,-83.37
-85.99,10.27,-83.37
-85.99,10.27,-83.37
-85.99,10.27,-83.37
-85.99,10.26,-83.37
-85.99,10.26,-83.37
-85.99,10.26,-83.38
-85.99,10.26,-83.38
-85.99,10.26,-83.38
-85.99,10.26,-83.38
-85.99,10.25,-83.38
-85.99,10.26,-83.38
-85.99,10.25,-83.38
-85.99,10.25,-83.38
-85.99,10.25,-83.38
-85.99,10.25,-83.38
-85.99,10.25,-83.38
-85.99,10.25,-83.38
-85.99,10.24,-83.38
-85.99,10.24,-83.38
-85.99,10.24,-83.38
-85.99,10.24,-83.38
-85.99,10.24,-83.38
-85.99,10.24,-83.38
-85.99,10.23,-83.37
-85.99,10.23,-83.37
-85.99,10.23,-83.37
-85.99,10.23,-83.37
-85.99,10.23,-83.37
-85.99,10.22,-83.37
-85.99,10.22,-83.37
-85.99,10.22,-83.37
-85.99,10.22,-83.36
-85.99,10.22,-83.36
-85.99,10.22,-83.36
-85.98,10.22,-83.35
-85.98,10.21,-83.35
-85.98,10.21,-83.35
-85.98,10.21,-83.35
-85.98,10.21,-83.35
-85.98,10.21,-83.35
-85.98,10.21,-83.34
-85.98,10.20,-83.34
-85.98,10.20,-83.34
-85.98,10.20,-83.34
-85.98,10.20,-83.34
-85.97,10.19,-83.33
-85.97,10.19,-83.33
-85.97,10.19,-83.33
-85.97,10.18,-83.33
-85.97,10.18,-83.32
-85.97,10.18,-83.32
-85.97,10.18,-83.32
-85.97,10.18,-83.32
-85.97,10.17,-83.32
-85.97,10.17,-83.32
-85.97,10.17,-83.32
-85.97,10.17,-83.32
-85.96,10.17,-83.32
-85.96,10.16,-83.31
-85.97,10.16,-83.31
-85.97,10.16,-83.31
-85.97,10.16,-83.31
-85.97,10.16,-83.31
-85.97,10.16,-83.31
-85.96,10.15,-83.31
-85.97,10.15,-83.31
-85.97,10.15,-83.30
-85.97,10.15,-83.30
-85.97,10.14,-83.30
-85.96,10.14,-83.29
-85.96,10.14,-83.29
-85.96,10.14,-83.29
-85.96,10.14,-83.29
-85.96,10.13,-83.29
-85.96,10.13,-83.29
-85.96,10.13,-83.29
-85.96,10.13,-83.29
-85.96,10.13,-83.29
-85.96,10.13,-83.29
-85.96,10.12,-83.28
-85.96,10.12,-83.28
-85.96,10.12,-83.28
-85.96,10.12,-83.29
-85.96,10.12,-83.28
-85.96,10.11,-83.28
-85.96,10.11,-83.28
-85.96,10.11,-83.28
-85.96,10.11,-83.28
-85.96,10.11,-83.28
-85.96,10.10,-83.28
-85.96,10.10,-83.28
-85.96,10.10,-83.28
-85.96,10.10,-83.28
-85.96,10.10,-83.28
-85.96,10.09,-83.28
-85.96,10.09,-83.28
-85.96,10.09,-83.28
-85.96,10.09,-83.28
-85.96,10.09,-83.28
-85.97,10.08,-83.29
-85.97,10.08,-83.29
-85.97,10.08,-83.29
-85.97,10.08,-83.29
-85.97,10.08,-83.29
-85.97,10.08,-83.29
-85.97,10.08,-83.29
-85.98,10.08,-83.29
-85.98,10.07,-83.29
-85.97,10.07,-83.30
-85.97,10.07,-83.30
-85.97,10.07,-83.30
-85.97,10.06,-83.30
-85.97,10.06,-83.30
-85.97,10.06,-83.30
-85.97,10.06,-83.31
-85.97,10.05,-83.31
-85.97,10.05,-83.31
-85.97,10.05,-83.32
-85.98,10.05,-83.32
-85.98,10.05,-83.32
-85.98,10.05,-83.32
-85.98,10.05,-83.32
-85.98,10.04,-83.33
-85.98,10.04,-83.33
-85.98,10.04,-83.33
-85.98,10.04,-83.33
-85.99,10.04,-83.33
-85.99,10.04,-83.34
-85.99,10.04,-83.34
-85.99,10.04,-83.34
-85.99,10.04,-83.34
-85.99,10.04,-83.35
-85.99,10.03,-83.35
-86.00,10.03,-83.35
-85.99,10.03,-83.35
-86.00,10.03,-83.35
-86.00,10.03,-83.35
-86.00,10.02,-83.36
-86.00,10.02,-83.36
-86.00,10.02,-83.36
-86.00,10.02,-83.36
-86.00,10.01,-83.37
-86.00,10.01,-83.37
-86.00,10.01,-83.37
-86.00,10.01,-83.37
-86.00,10.01,-83.37
-86.00,10.01,-83.37
-86.00,10.01,-83.38
-86.01,10.00,-83.38
-86.01,10.00,-83.38
-86.01,10.00,-83.38
-86.01,10.00,-83.38
-86.01,10.00,-83.39
-86.01,10.00,-83.39
-86.01,9.99,-83.39
-86.01,9.99,-83.39
-86.01,9.99,-83.39
-86.01,9.99,-83.39
-86.01,9.98,-83.39
-86.01,9.98,-83.39
-86.01,9.98,-83.39
-86.01,9.98,-83.39
-86.01,9.98,-83.39
-86.00,9.98,-83.39
-86.01,9.97,-83.39
-86.01,9.97,-83.39
-86.01,9.97,-83.39
-86.01,9.97,-83.39
-86.01,9.97,-83.38
-86.01,9.97,-83.38
-86.01,9.97,-83.38
-86.01,9.97,-83.38
-86.01,9.97,-83.38
-86.01,9.97,-83.38
-86.01,9.96,-83.38
-86.01,9.96,-83.38
-86.01,9.96,-83.38
-86.01,9.96,-83.38
-86.01,9.96,-83.38
-86.00,9.95,-83.38
-86.00,9.95,-83.38
-86.00,9.95,-83.37
-86.00,9.94,-83.37
-86.00,9.94,-83.37
-86.00,9.94,-83.37
-86.00,9.94,-83.36
-86.00,9.94,-83.36
-86.01,9.93,-83.36
-86.00,9.93,-83.36
-86.00,9.93,-83.36
-86.00,9.93,-83.36
-86.00,9.93,-83.36
-86.00,9.93,-83.35
-86.01,9.93,-83.35
-86.01,9.93,-83.35
-86.00,9.93,-83.35
-86.00,9.92,-83.35
-86.00,9.92,-83.35
-86.00,9.92,-83.34
-86.00,9.92,-83.34
-86.00,9.91,-83.34
-86.00,9.91,-83.34
-86.00,9.91,-83.33
-86.00,9.91,-83.33
-85.99,9.91,-83.32
-85.99,9.90,-83.32
-85.99,9.90,-83.32
-85.99,9.90,-83.32
-85.99,9.90,-83.32
-85.99,9.89,-83.31
-85.98,9.89,-83.31
-85.99,9.89,-83.31
-85.99,9.89,-83.31
-85.98,9.89,-83.30
-85.99,9.89,-83.30
-85.99,9.88,-83.30
-85.98,9.88,-83.30
-85.99,9.88,-83.30
-85.98,9.88,-83.30
-85.99,9.88,-83.30
-85.99,9.88,-83.29
-85.99,9.88,-83.29
-85.99,9.87,-83.29
-85.99,9.87,-83.29
-85.98,9.87,-83.29
-85.98,9.87,-83.29
-85.98,9.87,-83.29
-85.98,9.87,-83.29
-85.98,9.86,-83.29
-85.98,9.86,-83.29
-85.98,9.86,-83.29
-85.98,9.86,-83.29
-85.98,9.85,-83.29
-85.98,9.85,-83.29
-85.98,9.85,-83.29
-85.98,9.85,-83.29
-85.98,9.84,-83.29
-85.98,9.84,-83.29
-85.99,9.84,-83.29
-85.99,9.84,-83.29
-85.99,9.84,-83.28
-85.99,9.84,-83.29
-85.99,9.84,-83.29
-85.99,9.83,-83.29
-85.99,9.83,-83.29
-85.99,9.83,-83.29
-85.99,9.83,-83.30
-86.00,9.83,-83.30
-86.00,9.82,-83.30
-86.00,9.82,-83.30
-86.00,9.82,-83.30
-86.00,9.82,-83.31
-86.00,9.81,-83.31
-86.00,9.81,-83.31
-86.00,9.81,-83.31
-86.00,9.81,-83.31
-86.00,9.81,-83.31
-86.00,9.80,-83.32
-86.00,9.80,-83.32
-86.00,9.80,-83.32
-86.00,9.79,-83.32
-86.00,9.79,-83.32
-86.01,9.79,-83.33
-86.01,9.79,-83.33
-86.01,9.79,-83.33
-86.01,9.78,-83.33
-86.01,9.78,-83.33
-86.01,9.78,-83.34
-86.01,9.78,-83.34
-86.01,9.78,-83.34
-86.01,9.78,-83.34
-86.01,9.78,-83.34
-86.01,9.78,-83.35
-86.01,9.78,-83.35
-86.02,9.78,-83.35
-86.01,9.78,-83.35
-86.02,9.77,-83.36
-86.02,9.77,-83.36
-86.01,9.77,-83.36
-86.01,9.77,-83.36
-86.02,9.77,-83.36
-86.02,9.77,-83.36
-86.02,9.77,-83.36
-86.02,9.77,-83.37
-86.02,9.76,-83.37
-86.02,9.76,-83.37
-86.02,9.76,-83.37
-86.03,9.76,-83.38
-86.03,9.76,-83.38
-86.03,9.76,-83.38
-86.03,9.75,-83.39
-86.03,9.75,-83.39
-86.03,9.75,-83.39
-86.03,9.75,-83.39
-86.03,9.74,-83.39
-86.03,9.74,-83.39
-86.03,9.74,-83.39
-86.03,9.74,-83.40
-86.04,9.73,-83.40
-86.03,9.73,-83.40
-86.03,9.73,-83.40
-86.03,9.73,-83.40
-86.03,9.73,-83.40
-86.03,9.72,-83.40
-86.03,9.72,-83.40
-86.03,9.72,-83.40
-86.03,9.72,-83.40
-86.03,9.72,-83.40
-86.04,9.71,-83.40
-86.04,9.71,-83.40
-86.04,9.71,-83.40
-86.04,9.71,-83.40
-86.04,9.71,-83.40
-86.04,9.71,-83.40
-86.04,9.71,-83.40
-86.04,9.71,-83.40
-86.04,9.70,-83.40
-86.04,9.70,-83.40
-86.04,9.70,-83.40
-86.04,9.70,-83.39
-86.04,9.69,-83.39
-86.04,9.69,-83.39
-86.04,9.69,-83.39
-86.03,9.69,-83.39
-86.03,9.69,-83.39
-86.03,9.69,-83.39
-86.03,9.69,-83.39
-86.03,9.68,-83.39
-86.03,9.68,-83.38
-86.03,9.68,-83.38
-86.03,9.68,-83.38
-86.03,9.68,-83.38
-86.03,9.67,-83.38
-86.03,9.67,-83.38
-86.03,9.67,-83.37
-86.03,9.67,-83.37
-86.03,9.67,-83.37
-86.02,9.67,-83.37
-86.02,9.67,-83.37
-86.02,9.66,-83.36
-86.02,9.66,-83.36
-86.02,9.66,-83.36
-86.02,9.65,-83.35
-86.02,9.65,-83.35
-86.02,9.65,-83.35
-86.02,9.65,-83.35
-86.02,9.64,-83.34
-86.02,9.64,-83.34
-86.02,9.64,-83.34
-86.02,9.64,-83.34
-86.02,9.64,-83.33
-86.02,9.64,-83.33
-86.02,9.64,-83.33
-86.02,9.64,-83.33
-86.02,9.63,-83.32
-86.02,9.63,-83.32
-86.02,9.63,-83.32
-86.02,9.63,-83.32
-86.02,9.63,-83.31
-86.02,9.62,-83.31
-86.02,9.63,-83.31
-86.02,9.62,-83.30
-86.01,9.62,-83.30
-86.01,9.62,-83.30
-86.01,9.62,-83.30
-86.01,9.62,-83.30
-86.00,9.61,-83.30
-86.00,9.61,-83.29
-86.00,9.61,-83.29
-86.00,9.61,-83.29
-86.00,9.60,-83.29
-86.00,9.60,-83.29
-86.00,9.60,-83.28
-86.00,9.60,-83.28
-86.00,9.60,-83.28
-86.00,9.60,-83.28
-86.00,9.60,-83.28
-85.99,9.59,-83.28
-85.99,9.60,-83.28
-85.99,9.59,-83.28
-86.00,9.59,-83.28
-85.99,9.59,-83.28
-86.00,9.59,-83.28
-85.99,9.59,-83.28
-86.00,9.59,-83.28
-86.00,9.59,-83.28
-86.00,9.59,-83.28
-86.00,9.58,-83.28
-85.99,9.58,-83.28
-85.99,9.58,-83.28
-85.99,9.58,-83.28
-85.99,9.57,-83.28
-85.99,9.57,-83.28
-85.99,9.57,-83.29
-85.99,9.57,-83.29
-85.99,9.56,-83.29
-85.99,9.56,-83.29
-86.00,9.56,-83.30
-86.00,9.56,-83.30
-86.00,9.56,-83.30
-86.00,9.56,-83.30
-86.00,9.56,-83.30
-86.00,9.55,-83.30
-86.00,9.55,-83.30
-86.00,9.55,-83.30
-86.00,9.55,-83.30
-86.00,9.54,-83.30
-86.00,9.54,-83.30
-86.00,9.54,-83.31
-86.00,9.54,-83.31
-86.01,9.54,-83.31
-86.01,9.54,-83.31
-86.01,9.54,-83.31
-86.01,9.54,-83.32
-86.01,9.53,-83.32
-86.01,9.53,-83.32
-86.02,9.53,-83.32
-86.02,9.53,-83.32
-86.02,9.53,-83.33
-86.02,9.53,-83.33
-86.03,9.53,-83.33
-86.03,9.52,-83.34
-86.03,9.52,-83.34
-86.03,9.52,-83.34
-86.03,9.52,-83.35
-86.03,9.52,-83.35
-86.03,9.51,-83.35
-86.03,9.51,-83.35
-86.03,9.51,-83.35
-86.03,9.51,-83.36
-86.03,9.51,-83.36
-86.03,9.51,-83.36
-86.03,9.50,-83.36
-86.03,9.50,-83.36
-86.03,9.50,-83.37
-86.04,9.50,-83.37
-86.04,9.50,-83.37
-86.04,9.49,-83.38
-86.04,9.49,-83.38
-86.04,9.49,-83.38
-86.04,9.49,-83.38
-86.04,9.49,-83.39
-86.04,9.49,-83.38
-86.05,9.49,-83.39
-86.05,9.49,-83.39
-86.05,9.49,-83.39
-86.05,9.49,-83.39
-86.05,9.49,-83.39
-86.05,9.49,-83.39
-86.05,9.48,-83.39
-86.06,9.48,-83.39
-86.05,9.48,-83.39
-86.06,9.48,-83.39
-86.06,9.48,-83.39
-86.06,9.48,-83.40
-86.06,9.47,-83.39
-86.06,9.47,-83.40
-86.05,9.47,-83.40
-86.05,9.47,-83.40
-86.05,9.47,-83.40
-86.05,9.46,-83.40
-86.05,9.46,-83.40
-86.05,9.46,-83.40
-86.05,9.46,-83.40
-86.05,9.45,-83.40
-86.05,9.45,-83.40
-86.05,9.45,-83.40
-86.05,9.45,-83.40
-86.05,9.45,-83.40
-86.05,9.44,-83.40
-86.05,9.44,-83.40
-86.05,9.44,-83.40
-86.05,9.44,-83.40
-86.05,9.44,-83.40
-86.05,9.44,-83.39
-86.06,9.44,-83.39
-86.05,9.43,-83.39
-86.05,9.43,-83.39
-86.05,9.43,-83.39
-86.05,9.43,-83.39
-86.05,9.43,-83.38
-86.05,9.43,-83.38
-86.05,9.43,-83.38
-86.05,9.43,-83.38
-86.05,9.42,-83.37
-86.05,9.42,-83.37
-86.05,9.42,-83.37
-86.05,9.42,-83.37
-86.05,9.42,-83.36
-86.05,9.41,-83.36
-86.05,9.41,-83.36
-86.04,9.41,-83.36
-86.04,9.41,-83.35
-86.04,9.40,-83.35
-86.04,9.40,-83.35
-86.04,9.40,-83.35
-86.04,9.40,-83.34
-86.04,9.39,-83.34
-86.04,9.39,-83.34
-86.04,9.39,-83.34
-86.04,9.39,-83.34
-86.04,9.39,-83.33
-86.04,9.38,-83.33
-86.04,9.38,-83.33
-86.04,9.38,-83.33
-86.04,9.38,-83.33
-86.04,9.38,-83.32
-86.03,9.37,-83.32
-86.03,9.37,-83.32
-86.04,9.37,-83.32
-86.03,9.37,-83.32
-86.03,9.37,-83.32
-86.03,9.37,-83.32
-86.03,9.36,-83.32
-86.03,9.36,-83.31
-86.03,9.36,-83.31
-86.03,9.36,-83.31
-86.03,9.36,-83.31
-86.03,9.36,-83.31
-86.03,9.36,-83.31
-86.04,9.36,-83.31
-86.04,9.36,-83.31
-86.04,9.35,-83.31
-86.04,9.35,-83.31
-86.04,9.35,-83.31
-86.04,9.35,-83.30
-86.04,9.35,-83.30
-86.04,9.34,-83.30
-86.04,9.34,-83.30
-86.04,9.34,-83.30
-86.04,9.34,-83.30
-86.04,9.33,-83.30
-86.04,9.33,-83.30
-86.04,9.33,-83.30
-86.04,9.33,-83.30
-86.04,9.33,-83.31
-86.04,9.33,-83.31
-86.04,9.32,-83.31
-86.04,9.32,-83.31
-86.04,9.32,-83.31
-86.04,9.31,-83.31
-86.04,9.31,-83.31
-86.04,9.31,-83.31
-86.04,9.31,-83.31
-86.04,9.31,-83.31
-86.04,9.30,-83.31
-86.05,9.30,-83.31
-86.05,9.30,-83.31
-86.05,9.30,-83.32
-86.05,9.30,-83.32
-86.05,9.29,-83.32
-86.05,9.29,-83.32
-86.05,9.29,-83.32
-86.05,9.29,-83.32
-86.05,9.29,-83.32
-86.06,9.29,-83.32
-86.06,9.29,-83.33
-86.06,9.29,-83.33
-86.06,9.29,-83.33
-86.06,9.28,-83.33
-86.07,9.28,-83.34
-86.07,9.28,-83.34
-86.07,9.28,-83.34
-86.07,9.28,-83.35
-86.08,9.28,-83.35
-86.07,9.27,-83.35
-86.08,9.27,-83.35
-86.08,9.27,-83.35
-86.08,9.27,-83.35
-86.08,9.27,-83.36
-86.08,9.26,-83.36
-86.08,9.26,-83.36
-86.08,9.26,-83.36
-86.08,9.26,-83.37
-86.08,9.26,-83.37
-86.08,9.26,-83.37
-86.08,9.25,-83.37
-86.08,9.25,-83.38
-86.08,9.25,-83.38
-86.08,9.25,-83.38
-86.08,9.25,-83.38
-86.09,9.25,-83.38
-86.09,9.25,-83.39
-86.09,9.25,-83.39
-86.09,9.24,-83.39
-86.09,9.24,-83.39
-86.09,9.24,-83.39
-86.10,9.24,-83.39
-86.10,9.24,-83.40
-86.10,9.24,-83.40
-86.10,9.24,-83.40
-86.10,9.23,-83.40
-86.10,9.23,-83.40
-86.10,9.23,-83.41
-86.10,9.23,-83.41
-86.11,9.23,-83.41
-86.11,9.23,-83.41
-86.11,9.23,-83.41
-86.11,9.22,-83.41
-86.11,9.22,-83.42
-86.10,9.22,-83.41
-86.10,9.22,-83.41
-86.11,9.21,-83.41
-86.10,9.21,-83.41
-86.10,9.21,-83.41
-86.10,9.21,-83.41
-86.10,9.21,-83.41
-86.10,9.20,-83.41
-86.10,9.20,-83.41
-86.10,9.20,-83.41
-86.11,9.20,-83.41
-86.10,9.20,-83.41
-86.10,9.20,-83.41
-86.10,9.19,-83.41
-86.10,9.19,-83.41
-86.10,9.19,-83.41
-86.10,9.19,-83.41
-86.10,9.18,-83.41
-86.10,9.18,-83.40
-86.10,9.18,-83.41
-86.10,9.18,-83.40
-86.10,9.18,-83.40
-86.10,9.18,-83.40
-86.10,9.18,-83.40
-86.10,9.18,-83.40
-86.10,9.18,-83.39
-86.10,9.18,-83.39
-86.10,9.17,-83.39
-86.10,9.17,-83.39
-86.10,9.17,-83.39
-86.10,9.17,-83.38
-86.10,9.16,-83.39
-86.10,9.16,-83.39
-86.10,9.16,-83.38
-86.10,9.15,-83.38
-86.10,9.15,-83.39
-86.10,9.15,-83.38
-86.10,9.15,-83.38
-86.10,9.14,-83.38
-86.10,9.14,-83.37
-86.09,9.14,-83.37
-86.09,9.14,-83.37
-86.09,9.14,-83.37
-86.09,9.13,-83.37
-86.09,9.13,-83.36
-86.08,9.13,-83.36
-86.08,9.13,-83.36
-86.08,9.13,-83.35
-86.08,9.13,-83.35
-86.09,9.12,-83.35
-86.09,9.12,-83.34
-86.09,9.12,-83.34
-86.09,9.12,-83.34
-86.09,9.12,-83.34
-86.09,9.11,-83.34
-86.08,9.11,-83.33
-86.09,9.11,-83.33
-86.09,9.11,-83.33
-86.09,9.11,-83.33
-86.09,9.10,-83.33
-86.09,9.10,-83.33
-86.09,9.10,-83.33
-86.09,9.10,-83.32
-86.09,9.10,-83.32
-86.09,9.09,-83.32
-86.09,9.09,-83.32
-86.08,9.09,-83.32
-86.08,9.09,-83.32
-86.08,9.08,-83.31
-86.09,9.08,-83.31
-86.09,9.08,-83.31
-86.09,9.08,-83.31
-86.09,9.08,-83.31
-86.09,9.07,-83.31
-86.08,9.07,-83.31
-86.09,9.07,-83.31
-86.09,9.07,-83.31
-86.09,9.06,-83.31
-86.09,9.06,-83.31
-86.09,9.06,-83.30
-86.09,9.06,-83.30
-86.09,9.06,-83.30
-86.08,9.05,-83.30
-86.09,9.05,-83.30
-86.08,9.05,-83.31
-86.09,9.05,-83.31
-86.08,9.05,-83.30
-86.09,9.05,-83.30
-86.09,9.05,-83.30
-86.09,9.05,-83.30
-86.09,9.05,-83.30
-86.09,9.04,-83.30
-86.09,9.04,-83.31
-86.09,9.04,-83.31
-86.09,9.04,-83.31
-86.09,9.03,-83.31
-86.09,9.03,-83.31
-86.09,9.03,-83.31
-86.09,9.03,-83.32
-86.10,9.03,-83.32
-86.10,9.03,-83.32
-86.10,9.02,-83.32
-86.10,9.02,-83.33
-86.10,9.02,-83.33
-86.10,9.02,-83.33
-86.10,9.01,-83.34
-86.11,9.01,-83.34
-86.10,9.01,-83.34
-86.11,9.01,-83.34
-86.11,9.01,-83.34
-86.11,9.01,-83.35
-86.11,9.01,-83.35
-86.11,9.01,-83.35
-86.11,9.01,-83.35
-86.11,9.00,-83.35
-86.11,9.00,-83.35
-86.11,9.00,-83.35
-86.11,9.00,-83.36
-86.11,9.00,-83.36
-86.12,9.00,-83.36
-86.12,9.00,-83.36
-86.12,9.00,-83.36
-86.12,8.99,-83.36
-86.12,8.99,-83.36
-86.13,8.99,-83.37
-86.13,8.99,-83.37
-86.13,8.99,-83.37
-86.13,8.99,-83.37
-86.13,8.99,-83.37
-86.13,8.99,-83.38
-86.13,8.99,-83.38
-86.13,8.99,-83.38
-86.13,8.99,-83.38
-86.13,8.99,-83.39
-86.13,8.99,-83.39
-86.14,8.98,-83.39
-86.14,8.98,-83.39
-86.14,8.98,-83.40
-86.14,8.98,-83.40
-86.14,8.98,-83.40
-86.14,8.97,-83.40
-86.14,8.97,-83.40
-86.14,8.97,-83.40
-86.14,8.97,-83.40
-86.14,8.97,-83.40
-86.14,8.96,-83.40
-86.14,8.96,-83.40
-86.14,8.96,-83.40
-86.14,8.96,-83.41
-86.14,8.95,-83.41
-86.14,8.95,-83.41
-86.14,8.95,-83.41
-86.14,8.95,-83.41
-86.14,8.95,-83.41
-86.14,8.94,-83.41
-86.14,8.94,-83.41
-86.14,8.94,-83.41
-86.14,8.94,-83.41
-86.14,8.94,-83.40
-86.14,8.93,-83.40
-86.15,8.93,-83.40
-86.15,8.93,-83.40
-86.15,8.93,-83.40
-86.15,8.93,-83.40
-86.15,8.92,-83.40
-86.15,8.92,-83.40
-86.15,8.92,-83.40
-86.15,8.92,-83.40
-86.15,8.91,-83.40
-86.15,8.91,-83.40
-86.15,8.91,-83.40
-86.15,8.91,-83.40
-86.15,8.91,-83.40
-86.14,8.90,-83.40
-86.14,8.90,-83.39
-86.14,8.90,-83.39
-86.14,8.90,-83.39
-86.14,8.90,-83.39
-86.14,8.89,-83.39
-86.13,8.89,-83.38
-86.13,8.89,-83.38
-86.13,8.89,-83.38
-86.13,8.88,-83.38
-86.13,8.88,-83.38
-86.13,8.88,-83.38
-86.13,8.88,-83.37
-86.13,8.87,-83.37
-86.13,8.87,-83.37
-86.13,8.87,-83.37
-86.13,8.86,-83.36
-86.13,8.86,-83.36
-86.13,8.86,-83.36
-86.13,8.86,-83.35
-86.13,8.86,-83.35
-86.13,8.86,-83.35
-86.13,8.86,-83.35
-86.13,8.86,-83.34
-86.13,8.85,-83.35
-86.13,8.85,-83.34
-86.12,8.85,-83.34
-86.12,8.85,-83.34
-86.12,8.85,-83.34
-86.12,8.85,-83.34
-86.12,8.85,-83.34
-86.12,8.84,-83.34
-86.12,8.84,-83.34
-86.12,8.84,-83.33
-86.12,8.84,-83.33
-86.12,8.83,-83.33
-86.12,8.83,-83.33
-86.12,8.83,-83.33
-86.12,8.83,-83.33
-86.12,8.82,-83.32
-86.12,8.82,-83.32
-86.12,8.82,-83.32
-86.12,8.82,-83.32
